This is LuaHBTeX, Version 1.18.1 (MiKTeX 24.4) (format=lualatex 2024.10.19)  19 OCT 2024 08:09
 restricted system commands enabled.
**witharrows.dtx
(./witharrows.dtx
LaTeX2e <2024-06-01> patch level 2
L3 programming layer <2024-09-10>
Lua module: luaotfload 2024-02-14 3.28 Lua based OpenType font support
Lua module: lualibs 2023-07-13 2.76 ConTeXt Lua standard libraries.
Lua module: lualibs-extended 2023-07-13 2.76 ConTeXt Lua libraries -- extended c
ollection.
luaotfload | conf : Root cache directory is "C:/Users/panti/AppData/Local/MiKTeX
/luatex-cache/generic/names".
luaotfload | init : Loading fontloader "fontloader-2023-12-28.lua" from kpse-res
olved path "C:/Users/panti/AppData/Local/Programs/MiKTeX/tex/luatex/luaotfload/f
ontloader-2023-12-28.lua".
Lua-only attribute luaotfload@noligature = 1
luaotfload | init : Context OpenType loader version 3.134
Inserting `luaotfload.node_processor' in `pre_linebreak_filter'.
Inserting `luaotfload.node_processor' in `hpack_filter'.
Inserting `luaotfload.glyph_stream' in `glyph_stream_provider'.
Inserting `luaotfload.define_font' in `define_font'.
Lua-only attribute luaotfload_color_attribute = 2
luaotfload | conf : Root cache directory is "C:/Users/panti/AppData/Local/MiKTeX
/luatex-cache/generic/names".
Inserting `luaotfload.harf.strip_prefix' in `find_opentype_file'.
Inserting `luaotfload.harf.strip_prefix' in `find_truetype_file'.
Removing  `luaotfload.glyph_stream' from `glyph_stream_provider'.
Inserting `luaotfload.harf.glyphstream' in `glyph_stream_provider'.
Inserting `luaotfload.harf.finalize_vlist' in `post_linebreak_filter'.
Inserting `luaotfload.harf.finalize_hlist' in `hpack_filter'.
Inserting `luaotfload.cleanup_files' in `wrapup_run'.
Inserting `luaotfload.harf.finalize_unicode' in `finish_pdffile'.
Inserting `luaotfload.glyphinfo' in `glyph_info'.
Lua-only attribute luaotfload.letterspace_done = 3
Inserting `luaotfload.aux.set_sscale_dimens' in `luaotfload.patch_font'.
Inserting `luaotfload.aux.set_font_index' in `luaotfload.patch_font'.
Inserting `luaotfload.aux.patch_cambria_domh' in `luaotfload.patch_font'.
Inserting `luaotfload.aux.fixup_fontdata' in `luaotfload.patch_font_unsafe'.
Inserting `luaotfload.aux.set_capheight' in `luaotfload.patch_font'.
Inserting `luaotfload.aux.set_xheight' in `luaotfload.patch_font'.
Inserting `luaotfload.rewrite_fontname' in `luaotfload.patch_font'.
Inserting `tracingstacklevels' in `input_level_string'.
(C:/Users/panti/AppData/Local/Programs/MiKTeX/tex/latex/l3kernel/l3docstrip.tex
(C:/Users/panti/AppData/Local/Programs/MiKTeX/tex/latex/base/docstrip.tex
\blockLevel=\count192
\emptyLines=\count193
\processedLines=\count194
\commentsRemoved=\count195
\commentsPassed=\count196
\codeLinesPassed=\count197
\TotalprocessedLines=\count198
\TotalcommentsRemoved=\count199
\TotalcommentsPassed=\count266
\TotalcodeLinesPassed=\count267
\NumberOfFiles=\count268
\inFile=\read2
\inputcheck=\read3
\off@0=\count269
\off@1=\count270
\off@2=\count271
\off@3=\count272
\off@4=\count273
\off@5=\count274
\off@6=\count275
\off@7=\count276
\off@8=\count277
\off@9=\count278
\off@10=\count279
\off@11=\count280
\off@12=\count281
\off@13=\count282
\off@14=\count283
\off@15=\count284
\@maxfiles=\count285
\@maxoutfiles=\count286

Utility: `docstrip' v2.6b <2022-09-03>
English documentation    <2024-02-08>

**********************************************************
* This program converts documented macro-files into fast *
* loadable files by stripping off (nearly) all comments! *
**********************************************************

********************************************************
* No Configuration file found, using default settings. *
********************************************************

)) (C:/Users/panti/AppData/Local/Programs/MiKTeX/tex/latex/l3kernel/l3doc.cls
(C:/Users/panti/AppData/Local/Programs/MiKTeX/tex/latex/tools/calc.sty
Package: calc 2023/07/08 v4.3 Infix arithmetic (KKT,FJ)
\calc@Acount=\count287
\calc@Bcount=\count288
\calc@Adimen=\dimen140
\calc@Bdimen=\dimen141
\calc@Askip=\skip49
\calc@Bskip=\skip50
LaTeX Info: Redefining \setlength on input line 80.
LaTeX Info: Redefining \addtolength on input line 81.
\calc@Ccount=\count289
\calc@Cskip=\skip51
)
Document Class: l3doc 2024-09-10 L3 Experimental documentation class
\l__codedoc_output_coffin=\box52
\l__codedoc_functions_coffin=\box53
\l__codedoc_descr_coffin=\box54
\l__codedoc_syntax_coffin=\box55
\g__codedoc_syntax_box=\box56
\l__codedoc_trial_width_dim=\dimen142
\l__codedoc_nested_macro_int=\count290
\l__codedoc_tmpa_int=\count291
\l__codedoc_tmpa_seq=\count292
\l__codedoc_macro_box=\box57
\l__codedoc_macro_index_box=\box58
\l__codedoc_macro_int=\count293
(C:/Users/panti/AppData/Local/Programs/MiKTeX/tex/latex/base/article.cls
Document Class: article 2024/02/08 v1.4n Standard LaTeX document class
(C:/Users/panti/AppData/Local/Programs/MiKTeX/tex/latex/base/size10.clo
File: size10.clo 2024/02/08 v1.4n Standard LaTeX file (size option)
luaotfload | db : Font names database loaded from C:/Users/panti/AppData/Local/M
iKTeX/luatex-cache/generic/names/luaotfload-names.luc.gz)
\c@part=\count294
\c@section=\count295
\c@subsection=\count296
\c@subsubsection=\count297
\c@paragraph=\count298
\c@subparagraph=\count299
\c@figure=\count300
\c@table=\count301
\abovecaptionskip=\skip52
\belowcaptionskip=\skip53
\bibindent=\dimen143
)
(C:/Users/panti/AppData/Local/Programs/MiKTeX/tex/latex/base/doc.sty
Package: doc 2024/04/26 v3.0p Standard LaTeX documentation package V3 (FMi)
\c@StandardModuleDepth=\count302
\guard@level=\count303
\MacrocodeTopsep=\skip54
\MacroIndent=\dimen144
\macro@cnt=\count304
\MacroTopsep=\skip55
\IndexMin=\dimen145
\c@IndexColumns=\count305

(C:/Users/panti/AppData/Local/Programs/MiKTeX/tex/latex/tools/multicol.sty
Package: multicol 2024/05/23 v1.9h multicolumn formatting (FMi)
\c@tracingmulticols=\count306
\mult@box=\box59
\multicol@leftmargin=\dimen146
\c@unbalance=\count307
\c@collectmore=\count308
\doublecol@number=\count309
\multicoltolerance=\count310
\multicolpretolerance=\count311
\full@width=\dimen147
\page@free=\dimen148
\premulticols=\dimen149
\postmulticols=\dimen150
\multicolsep=\skip56
\multicolbaselineskip=\skip57
\partial@page=\box60
\last@line=\box61
\mc@boxedresult=\box62
\maxbalancingoverflow=\dimen151
\mult@rightbox=\box63
\mult@grightbox=\box64
\mult@firstbox=\box65
\mult@gfirstbox=\box66
\@tempa=\box67
\@tempa=\box68
\@tempa=\box69
\@tempa=\box70
\@tempa=\box71
\@tempa=\box72
\@tempa=\box73
\@tempa=\box74
\@tempa=\box75
\@tempa=\box76
\@tempa=\box77
\@tempa=\box78
\@tempa=\box79
\@tempa=\box80
\@tempa=\box81
\@tempa=\box82
\@tempa=\box83
\@tempa=\box84
\@tempa=\box85
\@tempa=\box86
\@tempa=\box87
\@tempa=\box88
\@tempa=\box89
\@tempa=\box90
\@tempa=\box91
\@tempa=\box92
\@tempa=\box93
\@tempa=\box94
\@tempa=\box95
\@tempa=\box96
\@tempa=\box97
\@tempa=\box98
\@tempa=\box99
\@tempa=\box100
\@tempa=\box101
\@tempa=\box102
\c@minrows=\count312
\c@columnbadness=\count313
\c@finalcolumnbadness=\count314
\last@try=\dimen152
\multicolovershoot=\dimen153
\multicolundershoot=\dimen154
\mult@nat@firstbox=\box103
\colbreak@box=\box104
\mc@col@check@num=\count315
)
\GlossaryMin=\dimen155
\c@GlossaryColumns=\count316
\check@sum=\count317
\bslash@cnt=\count318
\wrong@table=\toks17
\c@CodelineNo=\count319
\@temptokenb=\toks18
)
(C:/Users/panti/AppData/Local/Programs/MiKTeX/tex/latex/tools/array.sty
Package: array 2024/06/14 v2.6d Tabular extension package (FMi)
\col@sep=\dimen156
\ar@mcellbox=\box105
\extrarowheight=\dimen157
\NC@list=\toks19
\extratabsurround=\skip58
\backup@length=\skip59
\ar@cellbox=\box106
)
(C:/Users/panti/AppData/Local/Programs/MiKTeX/tex/generic/alphalph/alphalph.sty
Package: alphalph 2019/12/09 v2.6 Convert numbers to letters (HO)

(C:/Users/panti/AppData/Local/Programs/MiKTeX/tex/generic/infwarerr/infwarerr.s
ty
Package: infwarerr 2019/12/03 v1.5 Providing info/warning/error messages (HO)
)
(C:/Users/panti/AppData/Local/Programs/MiKTeX/tex/generic/intcalc/intcalc.sty
Package: intcalc 2019/12/15 v1.3 Expandable calculations with integers (HO)
)) (C:/Users/panti/AppData/Local/Programs/MiKTeX/tex/latex/amsmath/amsmath.sty
Package: amsmath 2024/05/23 v2.17q AMS math features
\@mathmargin=\skip60

For additional information on amsmath, use the `?' option.
(C:/Users/panti/AppData/Local/Programs/MiKTeX/tex/latex/amsmath/amstext.sty
Package: amstext 2021/08/26 v2.01 AMS text

(C:/Users/panti/AppData/Local/Programs/MiKTeX/tex/latex/amsmath/amsgen.sty
File: amsgen.sty 1999/11/30 v2.0 generic functions
\@emptytoks=\toks20
\ex@=\dimen158
))
(C:/Users/panti/AppData/Local/Programs/MiKTeX/tex/latex/amsmath/amsbsy.sty
Package: amsbsy 1999/11/29 v1.2d Bold Symbols
\pmbraise@=\dimen159
)
(C:/Users/panti/AppData/Local/Programs/MiKTeX/tex/latex/amsmath/amsopn.sty
Package: amsopn 2022/04/08 v2.04 operator names
)
\inf@bad=\count320
LaTeX Info: Redefining \frac on input line 235.
\uproot@=\count321
\leftroot@=\count322
LaTeX Info: Redefining \overline on input line 398.
LaTeX Info: Redefining \colon on input line 409.
\classnum@=\count323
\DOTSCASE@=\count324
LaTeX Info: Redefining \ldots on input line 495.
LaTeX Info: Redefining \dots on input line 498.
LaTeX Info: Redefining \cdots on input line 619.
\Mathstrutbox@=\box107
\strutbox@=\box108
LaTeX Info: Redefining \big on input line 721.
LaTeX Info: Redefining \Big on input line 722.
LaTeX Info: Redefining \bigg on input line 723.
LaTeX Info: Redefining \Bigg on input line 724.
\big@size=\dimen160
LaTeX Font Info:    Redeclaring font encoding OML on input line 742.
LaTeX Font Info:    Redeclaring font encoding OMS on input line 743.
\macc@depth=\count325
LaTeX Info: Redefining \bmod on input line 904.
LaTeX Info: Redefining \pmod on input line 909.
LaTeX Info: Redefining \smash on input line 939.
LaTeX Info: Redefining \relbar on input line 969.
LaTeX Info: Redefining \Relbar on input line 970.
\c@MaxMatrixCols=\count326
\dotsspace@=\muskip17
\c@parentequation=\count327
\dspbrk@lvl=\count328
\tag@help=\toks21
\row@=\count329
\column@=\count330
\maxfields@=\count331
\andhelp@=\toks22
\eqnshift@=\dimen161
\alignsep@=\dimen162
\tagshift@=\dimen163
\tagwidth@=\dimen164
\totwidth@=\dimen165
\lineht@=\dimen166
\@envbody=\toks23
\multlinegap=\skip61
\multlinetaggap=\skip62
\mathdisplay@stack=\toks24
LaTeX Info: Redefining \[ on input line 2953.
LaTeX Info: Redefining \] on input line 2954.
)
(C:/Users/panti/AppData/Local/Programs/MiKTeX/tex/latex/amsfonts/amssymb.sty
Package: amssymb 2013/01/14 v3.01 AMS font symbols

(C:/Users/panti/AppData/Local/Programs/MiKTeX/tex/latex/amsfonts/amsfonts.sty
Package: amsfonts 2013/01/14 v3.01 Basic AMSFonts support
\symAMSa=\mathgroup4
\symAMSb=\mathgroup5
LaTeX Font Info:    Redeclaring math symbol \hbar on input line 98.
LaTeX Font Info:    Overwriting math alphabet `\mathfrak' in version `bold'
(Font)                  U/euf/m/n --> U/euf/b/n on input line 106.
)) (C:/Users/panti/AppData/Local/Programs/MiKTeX/tex/latex/booktabs/booktabs.st
y
Package: booktabs 2020/01/12 v1.61803398 Publication quality tables
\heavyrulewidth=\dimen167
\lightrulewidth=\dimen168
\cmidrulewidth=\dimen169
\belowrulesep=\dimen170
\belowbottomsep=\dimen171
\aboverulesep=\dimen172
\abovetopsep=\dimen173
\cmidrulesep=\dimen174
\cmidrulekern=\dimen175
\defaultaddspace=\dimen176
\@cmidla=\count332
\@cmidlb=\count333
\@aboverulesep=\dimen177
\@belowrulesep=\dimen178
\@thisruleclass=\count334
\@lastruleclass=\count335
\@thisrulewidth=\dimen179
) (C:/Users/panti/AppData/Local/Programs/MiKTeX/tex/latex/graphics/color.sty
Package: color 2024/01/14 v1.3d Standard LaTeX Color (DPC)

(C:/Users/panti/AppData/Local/Programs/MiKTeX/tex/latex/graphics-cfg/color.cfg
File: color.cfg 2016/01/02 v1.6 sample color configuration
)
Package color Info: Driver file: luatex.def on input line 149.

(C:/Users/panti/AppData/Local/Programs/MiKTeX/tex/latex/graphics-def/luatex.def
File: luatex.def 2024/04/13 v1.2e Graphics/color driver for luatex
) (C:/Users/panti/AppData/Local/Programs/MiKTeX/tex/latex/graphics/dvipsnam.def
File: dvipsnam.def 2016/06/17 v3.0m Driver-dependent file (DPC,SPQR)
)
(C:/Users/panti/AppData/Local/Programs/MiKTeX/tex/latex/graphics/mathcolor.ltx))
 (C:/Users/panti/AppData/Local/Programs/MiKTeX/tex/latex/colortbl/colortbl.sty
Package: colortbl 2024/07/06 v1.0i Color table columns (DPC)
\everycr=\toks25
\minrowclearance=\skip63
\rownum=\count336
) (C:/Users/panti/AppData/Local/Programs/MiKTeX/tex/generic/hologo/hologo.sty
Package: hologo 2021-11-16 v1.15 A logo collection with bookmark support (HO)

(C:/Users/panti/AppData/Local/Programs/MiKTeX/tex/generic/ltxcmds/ltxcmds.sty
Package: ltxcmds 2023-12-04 v1.26 LaTeX kernel commands for general use (HO)
)
(C:/Users/panti/AppData/Local/Programs/MiKTeX/tex/latex/kvsetkeys/kvsetkeys.sty
Package: kvsetkeys 2022-10-05 v1.19 Key value parser (HO)
)
(C:/Users/panti/AppData/Local/Programs/MiKTeX/tex/generic/kvdefinekeys/kvdefine
keys.sty
Package: kvdefinekeys 2019-12-19 v1.6 Define keys (HO)
)
(C:/Users/panti/AppData/Local/Programs/MiKTeX/tex/generic/pdftexcmds/pdftexcmds
.sty
Package: pdftexcmds 2020-06-27 v0.33 Utility functions of pdfTeX for LuaTeX (HO
)
 (C:/Users/panti/AppData/Local/Programs/MiKTeX/tex/generic/iftex/iftex.sty
Package: iftex 2022/02/03 v1.0f TeX engine tests
)
Package pdftexcmds Info: \pdf@primitive is available.
Package pdftexcmds Info: \pdf@ifprimitive is available.
Package pdftexcmds Info: \pdfdraftmode found.
\pdftexcmds@toks=\toks26
)
(C:/Users/panti/AppData/Local/Programs/MiKTeX/tex/latex/kvoptions/kvoptions.sty
Package: kvoptions 2022-06-15 v3.15 Key value format for package options (HO)
(C:/Users/panti/AppData/Local/Programs/MiKTeX/tex/latex/graphics/keyval.sty
Package: keyval 2022/05/29 v1.15 key=value parser (DPC)
\KV@toks@=\toks27
))
Package hologo Info: Using driver `pdftex'.
)
(C:/Users/panti/AppData/Local/Programs/MiKTeX/tex/latex/enumitem/enumitem.sty
Package: enumitem 2019/06/20 v3.9 Customized lists
\labelindent=\skip64
\enit@outerparindent=\dimen180
\enit@toks=\toks28
\enit@inbox=\box109
\enit@count@id=\count337
\enitdp@description=\count338
)
(C:/Users/panti/AppData/Local/Programs/MiKTeX/tex/latex/psnfss/pifont.sty
Package: pifont 2020/03/25 PSNFSS-v9.3 Pi font support (SPQR) 
LaTeX Font Info:    Trying to load font information for U+pzd on input line 63.


(C:/Users/panti/AppData/Local/Programs/MiKTeX/tex/latex/psnfss/upzd.fd
File: upzd.fd 2001/06/04 font definitions for U/pzd.
)
LaTeX Font Info:    Trying to load font information for U+psy on input line 64.


(C:/Users/panti/AppData/Local/Programs/MiKTeX/tex/latex/psnfss/upsy.fd
File: upsy.fd 2001/06/04 font definitions for U/psy.
))
(C:/Users/panti/AppData/Local/Programs/MiKTeX/tex/latex/base/textcomp.sty
Package: textcomp 2024/04/24 v2.1b Standard LaTeX package
)
(C:/Users/panti/AppData/Local/Programs/MiKTeX/tex/latex/tools/trace.sty
Package: trace 2021/04/18 v1.1f trace LaTeX code
)
(C:/Users/panti/AppData/Local/Programs/MiKTeX/tex/latex/csquotes/csquotes.sty
Package: csquotes 2024-04-04 v5.2o context-sensitive quotations (JAW)

(C:/Users/panti/AppData/Local/Programs/MiKTeX/tex/latex/etoolbox/etoolbox.sty
Package: etoolbox 2020/10/05 v2.5k e-TeX tools for LaTeX (JAW)
\etb@tempcnta=\count339
)
\csq@reset=\count340
\csq@gtype=\count341
\csq@glevel=\count342
\csq@qlevel=\count343
\csq@maxlvl=\count344
\csq@tshold=\count345
\csq@ltx@everypar=\toks29

(C:/Users/panti/AppData/Local/Programs/MiKTeX/tex/latex/csquotes/csquotes.def
File: csquotes.def 2024-04-04 v5.2o csquotes generic definitions (JAW)
)
Package csquotes Info: Trying to load configuration file 'csquotes.cfg'...
Package csquotes Info: ... configuration file loaded successfully.

(C:/Users/panti/AppData/Local/Programs/MiKTeX/tex/latex/csquotes/csquotes.cfg
File: csquotes.cfg 
)) (C:/Users/panti/AppData/Local/Programs/MiKTeX/tex/latex/fancyvrb/fancyvrb.st
y
Package: fancyvrb 2024/01/20 4.5c verbatim text (tvz,hv)
\FV@CodeLineNo=\count346
\FV@InFile=\read4
\FV@TabBox=\box110
\c@FancyVerbLine=\count347
\FV@StepNumber=\count348
\FV@OutFile=\write3
)
(C:/Users/panti/AppData/Local/Programs/MiKTeX/tex/latex/underscore/underscore.s
ty
Package: underscore 2006/09/13
LaTeX Info: Redefining \_ on input line 42.
)
(C:/Users/panti/AppData/Local/Programs/MiKTeX/tex/latex/firstaid/underscore-ltx
.sty
Package: underscore-ltx 2023/09/20 LaTeX firstaid to make underscore protected 

)
(C:/Users/panti/AppData/Local/Programs/MiKTeX/tex/latex/tools/verbatim.sty
Package: verbatim 2024-01-22 v1.5x LaTeX2e package for verbatim enhancements
\every@verbatim=\toks30
\verbatim@line=\toks31
\verbatim@in@stream=\read5
)
(C:/Users/panti/AppData/Local/Programs/MiKTeX/tex/latex/base/fontenc.sty
Package: fontenc 2021/04/29 v2.0v Standard LaTeX package
LaTeX Font Info:    Trying to load font information for T1+lmr on input line 11
6.

(C:/Users/panti/AppData/Local/Programs/MiKTeX/tex/latex/lm/t1lmr.fd
File: t1lmr.fd 2015/05/01 v1.6.1 Font defs for Latin Modern
))
(C:/Users/panti/AppData/Local/Programs/MiKTeX/tex/latex/lm/lmodern.sty
Package: lmodern 2015/05/01 v1.6.1 Latin Modern Fonts
LaTeX Font Info:    Overwriting symbol font `operators' in version `normal'
(Font)                  OT1/cmr/m/n --> OT1/lmr/m/n on input line 22.
LaTeX Font Info:    Overwriting symbol font `letters' in version `normal'
(Font)                  OML/cmm/m/it --> OML/lmm/m/it on input line 23.
LaTeX Font Info:    Overwriting symbol font `symbols' in version `normal'
(Font)                  OMS/cmsy/m/n --> OMS/lmsy/m/n on input line 24.
LaTeX Font Info:    Overwriting symbol font `largesymbols' in version `normal'
(Font)                  OMX/cmex/m/n --> OMX/lmex/m/n on input line 25.
LaTeX Font Info:    Overwriting symbol font `operators' in version `bold'
(Font)                  OT1/cmr/bx/n --> OT1/lmr/bx/n on input line 26.
LaTeX Font Info:    Overwriting symbol font `letters' in version `bold'
(Font)                  OML/cmm/b/it --> OML/lmm/b/it on input line 27.
LaTeX Font Info:    Overwriting symbol font `symbols' in version `bold'
(Font)                  OMS/cmsy/b/n --> OMS/lmsy/b/n on input line 28.
LaTeX Font Info:    Overwriting symbol font `largesymbols' in version `bold'
(Font)                  OMX/cmex/m/n --> OMX/lmex/m/n on input line 29.
LaTeX Font Info:    Overwriting math alphabet `\mathbf' in version `normal'
(Font)                  OT1/cmr/bx/n --> OT1/lmr/bx/n on input line 31.
LaTeX Font Info:    Overwriting math alphabet `\mathsf' in version `normal'
(Font)                  OT1/cmss/m/n --> OT1/lmss/m/n on input line 32.
LaTeX Font Info:    Overwriting math alphabet `\mathit' in version `normal'
(Font)                  OT1/cmr/m/it --> OT1/lmr/m/it on input line 33.
LaTeX Font Info:    Overwriting math alphabet `\mathtt' in version `normal'
(Font)                  OT1/cmtt/m/n --> OT1/lmtt/m/n on input line 34.
LaTeX Font Info:    Overwriting math alphabet `\mathbf' in version `bold'
(Font)                  OT1/cmr/bx/n --> OT1/lmr/bx/n on input line 35.
LaTeX Font Info:    Overwriting math alphabet `\mathsf' in version `bold'
(Font)                  OT1/cmss/bx/n --> OT1/lmss/bx/n on input line 36.
LaTeX Font Info:    Overwriting math alphabet `\mathit' in version `bold'
(Font)                  OT1/cmr/bx/it --> OT1/lmr/bx/it on input line 37.
LaTeX Font Info:    Overwriting math alphabet `\mathtt' in version `bold'
(Font)                  OT1/cmtt/m/n --> OT1/lmtt/m/n on input line 38.
)
LaTeX Font Info:    Trying to load font information for T1+lmtt on input line 4
48.

(C:/Users/panti/AppData/Local/Programs/MiKTeX/tex/latex/lm/t1lmtt.fd
File: t1lmtt.fd 2015/05/01 v1.6.1 Font defs for Latin Modern
)
(C:/Users/panti/AppData/Local/Programs/MiKTeX/tex/latex/hypdoc/hypdoc.sty
Package: hypdoc 2023-10-26 v1.19 Hyper extensions for doc.sty (HO)

(C:/Users/panti/AppData/Local/Programs/MiKTeX/tex/latex/base/atveryend-ltx.sty
Package: atveryend-ltx 2020/08/19 v1.0a Emulation of the original atveryend pac
kage
with kernel methods
) (C:/Users/panti/AppData/Local/Programs/MiKTeX/tex/latex/hyperref/hyperref.sty
Package: hyperref 2024-07-10 v7.01j Hypertext links for LaTeX

(C:/Users/panti/AppData/Local/Programs/MiKTeX/tex/generic/pdfescape/pdfescape.s
ty
Package: pdfescape 2019/12/09 v1.15 Implements pdfTeX's escape features (HO)
) (C:/Users/panti/AppData/Local/Programs/MiKTeX/tex/latex/hycolor/hycolor.sty
Package: hycolor 2020-01-27 v1.10 Color options for hyperref/bookmark (HO)
) (C:/Users/panti/AppData/Local/Programs/MiKTeX/tex/latex/hyperref/nameref.sty
Package: nameref 2023-11-26 v2.56 Cross-referencing by name of section

(C:/Users/panti/AppData/Local/Programs/MiKTeX/tex/latex/refcount/refcount.sty
Package: refcount 2019/12/15 v3.6 Data extraction from label references (HO)
)
(C:/Users/panti/AppData/Local/Programs/MiKTeX/tex/generic/gettitlestring/gettit
lestring.sty
Package: gettitlestring 2019/12/15 v1.6 Cleanup title references (HO)
)
\c@section@level=\count349
)
(C:/Users/panti/AppData/Local/Programs/MiKTeX/tex/generic/stringenc/stringenc.s
ty
Package: stringenc 2019/11/29 v1.12 Convert strings between diff. encodings (HO
)
)
\@linkdim=\dimen181
\Hy@linkcounter=\count350
\Hy@pagecounter=\count351
 (C:/Users/panti/AppData/Local/Programs/MiKTeX/tex/latex/hyperref/pd1enc.def
File: pd1enc.def 2024-07-10 v7.01j Hyperref: PDFDocEncoding definition (HO)
)
\Hy@SavedSpaceFactor=\count352
 (C:/Users/panti/AppData/Local/Programs/MiKTeX/tex/latex/hyperref/puenc.def
File: puenc.def 2024-07-10 v7.01j Hyperref: PDF Unicode definition (HO)
)
Package hyperref Info: Option `hyperindex' set `false' on input line 4040.
Package hyperref Info: Option `pdfusetitle' set `true' on input line 4040.
Package hyperref Info: Hyper figures OFF on input line 4157.
Package hyperref Info: Link nesting OFF on input line 4162.
Package hyperref Info: Hyper index OFF on input line 4167.
Package hyperref Info: Plain pages OFF on input line 4172.
Package hyperref Info: Backreferencing OFF on input line 4177.
Package hyperref Info: Implicit mode ON; LaTeX internals redefined.
Package hyperref Info: Bookmarks ON on input line 4424.
\c@Hy@tempcnt=\count353

(C:/Users/panti/AppData/Local/Programs/MiKTeX/tex/latex/url/url.sty
\Urlmuskip=\muskip18
Package: url 2013/09/16  ver 3.4  Verb mode for urls, etc.
)
LaTeX Info: Redefining \url on input line 4763.
\XeTeXLinkMargin=\dimen182

(C:/Users/panti/AppData/Local/Programs/MiKTeX/tex/generic/bitset/bitset.sty
Package: bitset 2019/12/09 v1.3 Handle bit-vector datatype (HO)

(C:/Users/panti/AppData/Local/Programs/MiKTeX/tex/generic/bigintcalc/bigintcalc
.sty
Package: bigintcalc 2019/12/15 v1.5 Expandable calculations on big integers (HO
)
))
\Fld@menulength=\count354
\Field@Width=\dimen183
\Fld@charsize=\dimen184
Package hyperref Info: Hyper figures OFF on input line 6042.
Package hyperref Info: Link nesting OFF on input line 6047.
Package hyperref Info: Hyper index OFF on input line 6052.
Package hyperref Info: backreferencing OFF on input line 6057.
Package hyperref Info: Link coloring OFF on input line 6062.
Package hyperref Info: Link coloring with OCG OFF on input line 6067.
Package hyperref Info: PDF/A mode OFF on input line 6072.

(C:/Users/panti/AppData/Local/Programs/MiKTeX/tex/latex/base/atbegshi-ltx.sty
Package: atbegshi-ltx 2021/01/10 v1.0c Emulation of the original atbegshi
package with kernel methods
)
\Hy@abspage=\count355
\c@Item=\count356
\c@Hfootnote=\count357
)
Package hyperref Info: Driver (autodetected): hluatex.
(C:/Users/panti/AppData/Local/Programs/MiKTeX/tex/latex/hyperref/hluatex.def
File: hluatex.def 2024-07-10 v7.01j Hyperref driver for luaTeX
\Fld@listcount=\count358
\c@bookmark@seq@number=\count359

(C:/Users/panti/AppData/Local/Programs/MiKTeX/tex/latex/rerunfilecheck/rerunfil
echeck.sty
Package: rerunfilecheck 2022-07-10 v1.10 Rerun checks for auxiliary files (HO)

(C:/Users/panti/AppData/Local/Programs/MiKTeX/tex/generic/uniquecounter/uniquec
ounter.sty
Package: uniquecounter 2019/12/15 v1.4 Provide unlimited unique counter (HO)
)
Package uniquecounter Info: New unique counter `rerunfilecheck' on input line 2
85.
)
\Hy@SectionHShift=\skip65
)
Package hyperref Info: Option `colorlinks' set `true' on input line 75.
Package hyperref Info: Option `plainpages' set `false' on input line 75.
Package hyperref Info: Option `bookmarksopen' set `true' on input line 75.
Package hyperref Info: Option `bookmarksnumbered' set `true' on input line 75.
\c@HD@unique=\count360
\c@HD@hypercount=\count361
\HD@helplength=\skip66
)
\l__codedoc_syntax_dim=\dimen185
\@glossaryfile=\write4

\openout4 = witharrows.glo

Writing glossary file witharrows.glo 
\@indexfile=\write5

\openout5 = witharrows.idx
Writing index file witharrows.idx
) (C:/Users/panti/AppData/Local/Programs/MiKTeX/tex/latex/geometry/geometry.sty
Package: geometry 2020/01/02 v5.9 Page Geometry
(C:/Users/panti/AppData/Local/Programs/MiKTeX/tex/generic/iftex/ifvtex.sty
Package: ifvtex 2019/10/25 v1.7 ifvtex legacy package. Use iftex instead.
)
\Gm@cnth=\count362
\Gm@cntv=\count363
\c@Gm@tempcnt=\count364
\Gm@bindingoffset=\dimen186
\Gm@wd@mp=\dimen187
\Gm@odd@mp=\dimen188
\Gm@even@mp=\dimen189
\Gm@layoutwidth=\dimen190
\Gm@layoutheight=\dimen191
\Gm@layouthoffset=\dimen192
\Gm@layoutvoffset=\dimen193
\Gm@dimlist=\toks32

(C:/Users/panti/AppData/Local/Programs/MiKTeX/tex/latex/geometry/geometry.cfg))
(C:/Users/panti/AppData/Local/Programs/MiKTeX/tex/latex/footnotehyper/footnoteh
yper.sty
Package: footnotehyper 2021/08/13 v1.1e hyperref aware footnote.sty (JFB)


Package footnotehyper Warning: Option `hyperfootnotes=false' is unknown on inpu
t line 38.

\FNH@notes=\box111
\FNH@width=\dimen194
\FNH@toks=\toks33
) (C:/Users/panti/AppData/Local/Programs/MiKTeX/tex/latex/fontspec/fontspec.sty

(C:/Users/panti/AppData/Local/Programs/MiKTeX/tex/latex/l3packages/xparse/xpars
e.sty
(C:/Users/panti/AppData/Local/Programs/MiKTeX/tex/latex/l3kernel/expl3.sty
Package: expl3 2024-09-10 L3 programming layer (loader) 

(C:/Users/panti/AppData/Local/Programs/MiKTeX/tex/latex/l3backend/l3backend-lua
tex.def
File: l3backend-luatex.def 2024-05-08 L3 backend support: PDF output (LuaTeX)
\l__color_backend_stack_int=\count365
Inserting `l3color' in `luaotfload.parse_color'.
\l__pdf_internal_box=\box112
))
Package: xparse 2024-08-16 L3 Experimental document command parser
)
Package: fontspec 2024/05/11 v2.9e Font selection for XeLaTeX and LuaLaTeX
Lua module: fontspec 2024/05/11 2.9e Font selection for XeLaTeX and LuaLaTeX
(C:/Users/panti/AppData/Local/Programs/MiKTeX/tex/latex/fontspec/fontspec-luate
x.sty
Package: fontspec-luatex 2024/05/11 v2.9e Font selection for XeLaTeX and LuaLaT
eX
\l__fontspec_script_int=\count366
\l__fontspec_language_int=\count367
\l__fontspec_strnum_int=\count368
\l__fontspec_tmp_int=\count369
\l__fontspec_tmpa_int=\count370
\l__fontspec_tmpb_int=\count371
\l__fontspec_tmpc_int=\count372
\l__fontspec_em_int=\count373
\l__fontspec_emdef_int=\count374
\l__fontspec_strong_int=\count375
\l__fontspec_strongdef_int=\count376
\l__fontspec_tmpa_dim=\dimen195
\l__fontspec_tmpb_dim=\dimen196
\l__fontspec_tmpc_dim=\dimen197
 (C:/Users/panti/AppData/Local/Programs/MiKTeX/tex/latex/base/fontenc.sty
Package: fontenc 2021/04/29 v2.0v Standard LaTeX package
) (C:/Users/panti/AppData/Local/Programs/MiKTeX/tex/latex/fontspec/fontspec.cfg
))) (./witharrows.sty
(C:/Users/panti/AppData/Local/Programs/MiKTeX/tex/latex/pgf/frontendlayer/tikz.
sty
(C:/Users/panti/AppData/Local/Programs/MiKTeX/tex/latex/pgf/basiclayer/pgf.sty
(C:/Users/panti/AppData/Local/Programs/MiKTeX/tex/latex/pgf/utilities/pgfrcs.st
y
(C:/Users/panti/AppData/Local/Programs/MiKTeX/tex/generic/pgf/utilities/pgfutil
-common.tex
\pgfutil@everybye=\toks34
\pgfutil@tempdima=\dimen198
\pgfutil@tempdimb=\dimen199
)
(C:/Users/panti/AppData/Local/Programs/MiKTeX/tex/generic/pgf/utilities/pgfutil
-latex.def
\pgfutil@abb=\box113
)
(C:/Users/panti/AppData/Local/Programs/MiKTeX/tex/generic/pgf/utilities/pgfrcs.
code.tex
(C:/Users/panti/AppData/Local/Programs/MiKTeX/tex/generic/pgf/pgf.revision.tex)
Package: pgfrcs 2023-01-15 v3.1.10 (3.1.10)
))
Package: pgf 2023-01-15 v3.1.10 (3.1.10)

(C:/Users/panti/AppData/Local/Programs/MiKTeX/tex/latex/pgf/basiclayer/pgfcore.
sty
(C:/Users/panti/AppData/Local/Programs/MiKTeX/tex/latex/graphics/graphicx.sty
Package: graphicx 2021/09/16 v1.2d Enhanced LaTeX Graphics (DPC,SPQR)

(C:/Users/panti/AppData/Local/Programs/MiKTeX/tex/latex/graphics/graphics.sty
Package: graphics 2024/05/23 v1.4g Standard LaTeX Graphics (DPC,SPQR)

(C:/Users/panti/AppData/Local/Programs/MiKTeX/tex/latex/graphics/trig.sty
Package: trig 2023/12/02 v1.11 sin cos tan (DPC)
)
(C:/Users/panti/AppData/Local/Programs/MiKTeX/tex/latex/graphics-cfg/graphics.c
fg
File: graphics.cfg 2016/06/04 v1.11 sample graphics configuration
)
Package graphics Info: Driver file: luatex.def on input line 106.
)
\Gin@req@height=\dimen256
\Gin@req@width=\dimen257
)
(C:/Users/panti/AppData/Local/Programs/MiKTeX/tex/latex/pgf/systemlayer/pgfsys.
sty
(C:/Users/panti/AppData/Local/Programs/MiKTeX/tex/generic/pgf/systemlayer/pgfsy
s.code.tex
Package: pgfsys 2023-01-15 v3.1.10 (3.1.10)

(C:/Users/panti/AppData/Local/Programs/MiKTeX/tex/generic/pgf/utilities/pgfkeys
.code.tex
\pgfkeys@pathtoks=\toks35
\pgfkeys@temptoks=\toks36

(C:/Users/panti/AppData/Local/Programs/MiKTeX/tex/generic/pgf/utilities/pgfkeys
libraryfiltered.code.tex
\pgfkeys@tmptoks=\toks37
))
\pgf@x=\dimen258
\pgf@y=\dimen259
\pgf@xa=\dimen260
\pgf@ya=\dimen261
\pgf@xb=\dimen262
\pgf@yb=\dimen263
\pgf@xc=\dimen264
\pgf@yc=\dimen265
\pgf@xd=\dimen266
\pgf@yd=\dimen267
\w@pgf@writea=\write6
\r@pgf@reada=\read6
\c@pgf@counta=\count377
\c@pgf@countb=\count378
\c@pgf@countc=\count379
\c@pgf@countd=\count380
\t@pgf@toka=\toks38
\t@pgf@tokb=\toks39
\t@pgf@tokc=\toks40
\pgf@sys@id@count=\count381

(C:/Users/panti/AppData/Local/Programs/MiKTeX/tex/generic/pgf/systemlayer/pgf.c
fg
File: pgf.cfg 2023-01-15 v3.1.10 (3.1.10)
)
Driver file for pgf: pgfsys-luatex.def

(C:/Users/panti/AppData/Local/Programs/MiKTeX/tex/generic/pgf/systemlayer/pgfsy
s-luatex.def
File: pgfsys-luatex.def 2023-01-15 v3.1.10 (3.1.10)

(C:/Users/panti/AppData/Local/Programs/MiKTeX/tex/generic/pgf/systemlayer/pgfsy
s-common-pdf.def
File: pgfsys-common-pdf.def 2023-01-15 v3.1.10 (3.1.10)
)))
(C:/Users/panti/AppData/Local/Programs/MiKTeX/tex/generic/pgf/systemlayer/pgfsy
ssoftpath.code.tex
File: pgfsyssoftpath.code.tex 2023-01-15 v3.1.10 (3.1.10)
\pgfsyssoftpath@smallbuffer@items=\count382
\pgfsyssoftpath@bigbuffer@items=\count383
)
(C:/Users/panti/AppData/Local/Programs/MiKTeX/tex/generic/pgf/systemlayer/pgfsy
sprotocol.code.tex
File: pgfsysprotocol.code.tex 2023-01-15 v3.1.10 (3.1.10)
))
(C:/Users/panti/AppData/Local/Programs/MiKTeX/tex/latex/xcolor/xcolor.sty
Package: xcolor 2024/09/29 v3.02 LaTeX color extensions (UK)

(C:/Users/panti/AppData/Local/Programs/MiKTeX/tex/latex/graphics-cfg/color.cfg
File: color.cfg 2016/01/02 v1.6 sample color configuration
)
Package xcolor Info: Driver file: luatex.def on input line 274.
LaTeX Info: Redefining \color on input line 762.
(C:/Users/panti/AppData/Local/Programs/MiKTeX/tex/latex/graphics/mathcolor.ltx)
Package xcolor Info: Model `cmy' substituted by `cmy0' on input line 1349.
Package xcolor Info: Model `hsb' substituted by `rgb' on input line 1353.
Package xcolor Info: Model `RGB' extended on input line 1365.
Package xcolor Info: Model `HTML' substituted by `rgb' on input line 1367.
Package xcolor Info: Model `Hsb' substituted by `hsb' on input line 1368.
Package xcolor Info: Model `tHsb' substituted by `hsb' on input line 1369.
Package xcolor Info: Model `HSB' substituted by `hsb' on input line 1370.
Package xcolor Info: Model `Gray' substituted by `gray' on input line 1371.
Package xcolor Info: Model `wave' substituted by `hsb' on input line 1372.
) (C:/Users/panti/AppData/Local/Programs/MiKTeX/tex/latex/graphics/dvipsnam.def
File: dvipsnam.def 2016/06/17 v3.0m Driver-dependent file (DPC,SPQR)
)
(C:/Users/panti/AppData/Local/Programs/MiKTeX/tex/generic/pgf/basiclayer/pgfcor
e.code.tex
Package: pgfcore 2023-01-15 v3.1.10 (3.1.10)

(C:/Users/panti/AppData/Local/Programs/MiKTeX/tex/generic/pgf/math/pgfmath.code
.tex
(C:/Users/panti/AppData/Local/Programs/MiKTeX/tex/generic/pgf/math/pgfmathutil.
code.tex)
(C:/Users/panti/AppData/Local/Programs/MiKTeX/tex/generic/pgf/math/pgfmathparse
r.code.tex
\pgfmath@dimen=\dimen268
\pgfmath@count=\count384
\pgfmath@box=\box114
\pgfmath@toks=\toks41
\pgfmath@stack@operand=\toks42
\pgfmath@stack@operation=\toks43
)
(C:/Users/panti/AppData/Local/Programs/MiKTeX/tex/generic/pgf/math/pgfmathfunct
ions.code.tex)
(C:/Users/panti/AppData/Local/Programs/MiKTeX/tex/generic/pgf/math/pgfmathfunct
ions.basic.code.tex)
(C:/Users/panti/AppData/Local/Programs/MiKTeX/tex/generic/pgf/math/pgfmathfunct
ions.trigonometric.code.tex)
(C:/Users/panti/AppData/Local/Programs/MiKTeX/tex/generic/pgf/math/pgfmathfunct
ions.random.code.tex)
(C:/Users/panti/AppData/Local/Programs/MiKTeX/tex/generic/pgf/math/pgfmathfunct
ions.comparison.code.tex)
(C:/Users/panti/AppData/Local/Programs/MiKTeX/tex/generic/pgf/math/pgfmathfunct
ions.base.code.tex)
(C:/Users/panti/AppData/Local/Programs/MiKTeX/tex/generic/pgf/math/pgfmathfunct
ions.round.code.tex)
(C:/Users/panti/AppData/Local/Programs/MiKTeX/tex/generic/pgf/math/pgfmathfunct
ions.misc.code.tex)
(C:/Users/panti/AppData/Local/Programs/MiKTeX/tex/generic/pgf/math/pgfmathfunct
ions.integerarithmetics.code.tex)
(C:/Users/panti/AppData/Local/Programs/MiKTeX/tex/generic/pgf/math/pgfmathcalc.
code.tex)
(C:/Users/panti/AppData/Local/Programs/MiKTeX/tex/generic/pgf/math/pgfmathfloat
.code.tex
\c@pgfmathroundto@lastzeros=\count385
))
(C:/Users/panti/AppData/Local/Programs/MiKTeX/tex/generic/pgf/math/pgfint.code.
tex)
(C:/Users/panti/AppData/Local/Programs/MiKTeX/tex/generic/pgf/basiclayer/pgfcor
epoints.code.tex
File: pgfcorepoints.code.tex 2023-01-15 v3.1.10 (3.1.10)
\pgf@picminx=\dimen269
\pgf@picmaxx=\dimen270
\pgf@picminy=\dimen271
\pgf@picmaxy=\dimen272
\pgf@pathminx=\dimen273
\pgf@pathmaxx=\dimen274
\pgf@pathminy=\dimen275
\pgf@pathmaxy=\dimen276
\pgf@xx=\dimen277
\pgf@xy=\dimen278
\pgf@yx=\dimen279
\pgf@yy=\dimen280
\pgf@zx=\dimen281
\pgf@zy=\dimen282
)
(C:/Users/panti/AppData/Local/Programs/MiKTeX/tex/generic/pgf/basiclayer/pgfcor
epathconstruct.code.tex
File: pgfcorepathconstruct.code.tex 2023-01-15 v3.1.10 (3.1.10)
\pgf@path@lastx=\dimen283
\pgf@path@lasty=\dimen284
)
(C:/Users/panti/AppData/Local/Programs/MiKTeX/tex/generic/pgf/basiclayer/pgfcor
epathusage.code.tex
File: pgfcorepathusage.code.tex 2023-01-15 v3.1.10 (3.1.10)
\pgf@shorten@end@additional=\dimen285
\pgf@shorten@start@additional=\dimen286
)
(C:/Users/panti/AppData/Local/Programs/MiKTeX/tex/generic/pgf/basiclayer/pgfcor
escopes.code.tex
File: pgfcorescopes.code.tex 2023-01-15 v3.1.10 (3.1.10)
\pgfpic=\box115
\pgf@hbox=\box116
\pgf@layerbox@main=\box117
\pgf@picture@serial@count=\count386
)
(C:/Users/panti/AppData/Local/Programs/MiKTeX/tex/generic/pgf/basiclayer/pgfcor
egraphicstate.code.tex
File: pgfcoregraphicstate.code.tex 2023-01-15 v3.1.10 (3.1.10)
\pgflinewidth=\dimen287
)
(C:/Users/panti/AppData/Local/Programs/MiKTeX/tex/generic/pgf/basiclayer/pgfcor
etransformations.code.tex
File: pgfcoretransformations.code.tex 2023-01-15 v3.1.10 (3.1.10)
\pgf@pt@x=\dimen288
\pgf@pt@y=\dimen289
\pgf@pt@temp=\dimen290
)
(C:/Users/panti/AppData/Local/Programs/MiKTeX/tex/generic/pgf/basiclayer/pgfcor
equick.code.tex
File: pgfcorequick.code.tex 2023-01-15 v3.1.10 (3.1.10)
)
(C:/Users/panti/AppData/Local/Programs/MiKTeX/tex/generic/pgf/basiclayer/pgfcor
eobjects.code.tex
File: pgfcoreobjects.code.tex 2023-01-15 v3.1.10 (3.1.10)
)
(C:/Users/panti/AppData/Local/Programs/MiKTeX/tex/generic/pgf/basiclayer/pgfcor
epathprocessing.code.tex
File: pgfcorepathprocessing.code.tex 2023-01-15 v3.1.10 (3.1.10)
)
(C:/Users/panti/AppData/Local/Programs/MiKTeX/tex/generic/pgf/basiclayer/pgfcor
earrows.code.tex
File: pgfcorearrows.code.tex 2023-01-15 v3.1.10 (3.1.10)
\pgfarrowsep=\dimen291
)
(C:/Users/panti/AppData/Local/Programs/MiKTeX/tex/generic/pgf/basiclayer/pgfcor
eshade.code.tex
File: pgfcoreshade.code.tex 2023-01-15 v3.1.10 (3.1.10)
\pgf@max=\dimen292
\pgf@sys@shading@range@num=\count387
\pgf@shadingcount=\count388
)
(C:/Users/panti/AppData/Local/Programs/MiKTeX/tex/generic/pgf/basiclayer/pgfcor
eimage.code.tex
File: pgfcoreimage.code.tex 2023-01-15 v3.1.10 (3.1.10)
)
(C:/Users/panti/AppData/Local/Programs/MiKTeX/tex/generic/pgf/basiclayer/pgfcor
eexternal.code.tex
File: pgfcoreexternal.code.tex 2023-01-15 v3.1.10 (3.1.10)
\pgfexternal@startupbox=\box118
)
(C:/Users/panti/AppData/Local/Programs/MiKTeX/tex/generic/pgf/basiclayer/pgfcor
elayers.code.tex
File: pgfcorelayers.code.tex 2023-01-15 v3.1.10 (3.1.10)
)
(C:/Users/panti/AppData/Local/Programs/MiKTeX/tex/generic/pgf/basiclayer/pgfcor
etransparency.code.tex
File: pgfcoretransparency.code.tex 2023-01-15 v3.1.10 (3.1.10)
)
(C:/Users/panti/AppData/Local/Programs/MiKTeX/tex/generic/pgf/basiclayer/pgfcor
epatterns.code.tex
File: pgfcorepatterns.code.tex 2023-01-15 v3.1.10 (3.1.10)
)
(C:/Users/panti/AppData/Local/Programs/MiKTeX/tex/generic/pgf/basiclayer/pgfcor
erdf.code.tex
File: pgfcorerdf.code.tex 2023-01-15 v3.1.10 (3.1.10)
)))
(C:/Users/panti/AppData/Local/Programs/MiKTeX/tex/generic/pgf/modules/pgfmodule
shapes.code.tex
File: pgfmoduleshapes.code.tex 2023-01-15 v3.1.10 (3.1.10)
\pgfnodeparttextbox=\box119
)
(C:/Users/panti/AppData/Local/Programs/MiKTeX/tex/generic/pgf/modules/pgfmodule
plot.code.tex
File: pgfmoduleplot.code.tex 2023-01-15 v3.1.10 (3.1.10)
)
(C:/Users/panti/AppData/Local/Programs/MiKTeX/tex/latex/pgf/compatibility/pgfco
mp-version-0-65.sty
Package: pgfcomp-version-0-65 2023-01-15 v3.1.10 (3.1.10)
\pgf@nodesepstart=\dimen293
\pgf@nodesepend=\dimen294
)
(C:/Users/panti/AppData/Local/Programs/MiKTeX/tex/latex/pgf/compatibility/pgfco
mp-version-1-18.sty
Package: pgfcomp-version-1-18 2023-01-15 v3.1.10 (3.1.10)
))
(C:/Users/panti/AppData/Local/Programs/MiKTeX/tex/latex/pgf/utilities/pgffor.st
y
(C:/Users/panti/AppData/Local/Programs/MiKTeX/tex/latex/pgf/utilities/pgfkeys.s
ty
(C:/Users/panti/AppData/Local/Programs/MiKTeX/tex/generic/pgf/utilities/pgfkeys
.code.tex))
(C:/Users/panti/AppData/Local/Programs/MiKTeX/tex/latex/pgf/math/pgfmath.sty
(C:/Users/panti/AppData/Local/Programs/MiKTeX/tex/generic/pgf/math/pgfmath.code
.tex))
(C:/Users/panti/AppData/Local/Programs/MiKTeX/tex/generic/pgf/utilities/pgffor.
code.tex
Package: pgffor 2023-01-15 v3.1.10 (3.1.10)
\pgffor@iter=\dimen295
\pgffor@skip=\dimen296
\pgffor@stack=\toks44
\pgffor@toks=\toks45
))
(C:/Users/panti/AppData/Local/Programs/MiKTeX/tex/generic/pgf/frontendlayer/tik
z/tikz.code.tex
Package: tikz 2023-01-15 v3.1.10 (3.1.10)

(C:/Users/panti/AppData/Local/Programs/MiKTeX/tex/generic/pgf/libraries/pgflibr
aryplothandlers.code.tex
File: pgflibraryplothandlers.code.tex 2023-01-15 v3.1.10 (3.1.10)
\pgf@plot@mark@count=\count389
\pgfplotmarksize=\dimen297
)
\tikz@lastx=\dimen298
\tikz@lasty=\dimen299
\tikz@lastxsaved=\dimen300
\tikz@lastysaved=\dimen301
\tikz@lastmovetox=\dimen302
\tikz@lastmovetoy=\dimen303
\tikzleveldistance=\dimen304
\tikzsiblingdistance=\dimen305
\tikz@figbox=\box120
\tikz@figbox@bg=\box121
\tikz@tempbox=\box122
\tikz@tempbox@bg=\box123
\tikztreelevel=\count390
\tikznumberofchildren=\count391
\tikznumberofcurrentchild=\count392
\tikz@fig@count=\count393

(C:/Users/panti/AppData/Local/Programs/MiKTeX/tex/generic/pgf/modules/pgfmodule
matrix.code.tex
File: pgfmodulematrix.code.tex 2023-01-15 v3.1.10 (3.1.10)
\pgfmatrixcurrentrow=\count394
\pgfmatrixcurrentcolumn=\count395
\pgf@matrix@numberofcolumns=\count396
)
\tikz@expandcount=\count397

(C:/Users/panti/AppData/Local/Programs/MiKTeX/tex/generic/pgf/frontendlayer/tik
z/libraries/tikzlibrarytopaths.code.tex
File: tikzlibrarytopaths.code.tex 2023-01-15 v3.1.10 (3.1.10)
)))
(C:/Users/panti/AppData/Local/Programs/MiKTeX/tex/generic/pgf/libraries/pgflibr
aryarrows.meta.code.tex
File: pgflibraryarrows.meta.code.tex 2023-01-15 v3.1.10 (3.1.10)
\pgfarrowinset=\dimen306
\pgfarrowlength=\dimen307
\pgfarrowwidth=\dimen308
\pgfarrowlinewidth=\dimen309
)
(C:/Users/panti/AppData/Local/Programs/MiKTeX/tex/generic/pgf/modules/pgfmodule
bending.code.tex
File: pgfmodulebending.code.tex 2023-01-15 v3.1.10 (3.1.10)

(C:/Users/panti/AppData/Local/Programs/MiKTeX/tex/generic/pgf/modules/pgfmodule
nonlineartransformations.code.tex
File: pgfmodulenonlineartransformations.code.tex 2023-01-15 v3.1.10 (3.1.10)
\pgftransformnonlinearflatness=\dimen310
)
(C:/Users/panti/AppData/Local/Programs/MiKTeX/tex/generic/pgf/libraries/pgflibr
arycurvilinear.code.tex
File: pgflibrarycurvilinear.code.tex 2023-01-15 v3.1.10 (3.1.10)
\pgf@curvilinear@time@a=\dimen311
\pgf@curvilinear@length@a=\dimen312
\pgf@curvilinear@length@b=\dimen313
\pgf@curvilinear@length@c=\dimen314
\pgf@curvilinear@length@d=\dimen315
)
\pgf@arrows@the@rigidity=\dimen316
)
(C:/Users/panti/AppData/Local/Programs/MiKTeX/tex/latex/l3packages/l3keys2e/l3k
eys2e.sty
Package: l3keys2e 2024-08-16 LaTeX2e option processing using LaTeX3 keys
)
Package: witharrows 2024/10/19 v2.9a Draws arrows for explanations on the right


(C:/Users/panti/AppData/Local/Programs/MiKTeX/tex/latex/varwidth/varwidth.sty
Package: varwidth 2009/03/30 ver 0.92;  Variable-width minipages
\@vwid@box=\box124
\sift@deathcycles=\count398
\@vwid@loff=\dimen317
\@vwid@roff=\dimen318
)
\g__witharrows_last_env_int=\count399
\l__witharrows_pos_env_int=\count400
\l__witharrows_pos_arrow_int=\count401
\g__witharrows_arrow_int=\count402
\g__witharrows_line_int=\count403
\g__witharrows_col_int=\count404
\g__witharrows_static_col_int=\count405
\l__witharrows_nb_cols_int=\count406
\l__witharrows_arrow_width_dim=\dimen319
\l__witharrows_up_and_down_radius_dim=\dimen320
\l__witharrows_xoffset_for_o_arrows_dim=\dimen321
\l__witharrows_max_length_of_arrow_dim=\dimen322
\l__witharrows_ygap_dim=\dimen323
\l__witharrows_ystart_dim=\dimen324
\l__witharrows_xoffset_dim=\dimen325
\l__witharrows_interline_skip=\skip67
\l__witharrows_start_adjust_dim=\dimen326
\l__witharrows_end_adjust_dim=\dimen327
\l__witharrows_mathindent_skip=\skip68
)
(C:/Users/panti/AppData/Local/Programs/MiKTeX/tex/generic/pgf/frontendlayer/tik
z/libraries/tikzlibrarycalc.code.tex
File: tikzlibrarycalc.code.tex 2023-01-15 v3.1.10 (3.1.10)
)
(C:/Users/panti/AppData/Local/Programs/MiKTeX/tex/latex/mathtools/mathtools.sty
Package: mathtools 2024/10/04 v1.31 mathematical typesetting tools
(C:/Users/panti/AppData/Local/Programs/MiKTeX/tex/latex/mathtools/mhsetup.sty
Package: mhsetup 2021/03/18 v1.4 programming setup (MH)
)
\g_MT_multlinerow_int=\count407
\l_MT_multwidth_dim=\dimen328
\origjot=\skip69
\l_MT_shortvdotswithinadjustabove_dim=\dimen329
\l_MT_shortvdotswithinadjustbelow_dim=\dimen330
\l_MT_above_intertext_sep=\dimen331
\l_MT_below_intertext_sep=\dimen332
\l_MT_above_shortintertext_sep=\dimen333
\l_MT_below_shortintertext_sep=\dimen334
\xmathstrut@box=\box125
\xmathstrut@dim=\dimen335
) (C:/Users/panti/AppData/Local/Programs/MiKTeX/tex/latex/stmaryrd/stmaryrd.sty
Package: stmaryrd 1994/03/03 St Mary's Road symbol package
\symstmry=\mathgroup6
LaTeX Font Info:    Overwriting symbol font `stmry' in version `bold'
(Font)                  U/stmry/m/n --> U/stmry/b/n on input line 89.
) (C:/Users/panti/AppData/Local/Programs/MiKTeX/tex/latex/upquote/upquote.sty
Package: upquote 2012/04/19 v1.3 upright-quote and grave-accent glyphs in verba
tim
)
(C:/Users/panti/Documents/Travail/texmf/tex/lualatex/piton/piton.sty
Package: piton 2024/10/18 v4.1 Highlight informatic listings with LPEG on LuaLa
TeX

(C:/Users/panti/AppData/Local/Programs/MiKTeX/tex/luatex/luatexbase/luatexbase.
sty
Package: luatexbase 2015/10/04 v1.3 luatexbase interface to LuaTeX 

(C:/Users/panti/AppData/Local/Programs/MiKTeX/tex/luatex/ctablestack/ctablestac
k.sty
Package: ctablestack 2015/10/01 v1.0 Catcode table stable support
\@catcodetablestackcnt=\count408
)
\CatcodeTableOther=\catcodetable14
\CatcodeTableExpl=\catcodetable15
)
(C:/Users/panti/AppData/Local/Programs/MiKTeX/tex/lualatex/luacode/luacode.sty
Package: luacode 2012/01/23 v1.2a lua-in-tex helpers (mpg)

(C:/Users/panti/AppData/Local/Programs/MiKTeX/tex/generic/iftex/ifluatex.sty
Package: ifluatex 2019/10/25 v1.5 ifluatex legacy package. Use iftex instead.
)
\luacode@lines=\toks46
\luacode@table@soft=\catcodetable16
)
\l__piton_nb_lines_int=\count409
\l__piton_nb_non_empty_lines_int=\count410
\g__piton_line_int=\count411
\l__piton_splittable_int=\count412
\g__piton_env_int=\count413
\l__piton_width_dim=\dimen336
\l__piton_line_width_dim=\dimen337
\g__piton_tmp_width_dim=\dimen338
\l__piton_left_margin_dim=\dimen339
\l__piton_numbers_sep_dim=\dimen340
\l__piton_tab_size_int=\count414
\l__piton_gobble_int=\count415
\g__piton_indentation_int=\count416
\l__piton_number_lines_start_int=\count417
\g__piton_visual_line_int=\count418
)
\l__pantigny_width_dim=\dimen341
Package csquotes Info: Checking for multilingual support...
Package csquotes Info: ... none found.
(./witharrows.aux)
\openout1 = witharrows.aux

LaTeX Font Info:    Checking defaults for OML/cmm/m/it on input line 123.
LaTeX Font Info:    ... okay on input line 123.
LaTeX Font Info:    Checking defaults for OMS/cmsy/m/n on input line 123.
LaTeX Font Info:    ... okay on input line 123.
LaTeX Font Info:    Checking defaults for OT1/cmr/m/n on input line 123.
LaTeX Font Info:    ... okay on input line 123.
LaTeX Font Info:    Checking defaults for T1/cmr/m/n on input line 123.
LaTeX Font Info:    ... okay on input line 123.
LaTeX Font Info:    Checking defaults for TS1/cmr/m/n on input line 123.
LaTeX Font Info:    Trying to load font information for TS1+cmr on input line 1
23.

(C:/Users/panti/AppData/Local/Programs/MiKTeX/tex/latex/base/ts1cmr.fd
File: ts1cmr.fd 2023/04/13 v2.5m Standard LaTeX font definitions
)
LaTeX Font Info:    ... okay on input line 123.
LaTeX Font Info:    Checking defaults for TU/lmr/m/n on input line 123.
LaTeX Font Info:    ... okay on input line 123.
LaTeX Font Info:    Checking defaults for OMX/cmex/m/n on input line 123.
LaTeX Font Info:    ... okay on input line 123.
LaTeX Font Info:    Checking defaults for U/cmr/m/n on input line 123.
LaTeX Font Info:    ... okay on input line 123.
LaTeX Font Info:    Checking defaults for PD1/pdf/m/n on input line 123.
LaTeX Font Info:    ... okay on input line 123.
LaTeX Font Info:    Checking defaults for PU/pdf/m/n on input line 123.
LaTeX Font Info:    ... okay on input line 123.

(C:/Users/panti/AppData/Local/Programs/MiKTeX/tex/context/base/mkii/supp-pdf.mk
ii
[Loading MPS to PDF converter (version 2006.09.02).]
\scratchcounter=\count419
\scratchdimen=\dimen342
\scratchbox=\box126
\nofMPsegments=\count420
\nofMParguments=\count421
\everyMPshowfont=\toks47
\MPscratchCnt=\count422
\MPscratchDim=\dimen343
\MPnumerator=\count423
\makeMPintoPDFobject=\count424
\everyMPtoPDFconversion=\toks48
)
(C:/Users/panti/AppData/Local/Programs/MiKTeX/tex/latex/epstopdf-pkg/epstopdf-b
ase.sty
Package: epstopdf-base 2020-01-24 v2.11 Base part for package epstopdf
Package epstopdf-base Info: Redefining graphics rule for `.eps' on input line 4
85.

(C:/Users/panti/AppData/Local/Programs/MiKTeX/tex/latex/00miktex/epstopdf-sys.c
fg
File: epstopdf-sys.cfg 2021/03/18 v2.0 Configuration of epstopdf for MiKTeX
))
Package hyperref Info: Link coloring ON on input line 123.
 (./witharrows.out) (./witharrows.out)
\@outlinefile=\write7

\openout7 = witharrows.out
 (./witharrows.hd)
\HD@savedest@out=\write8

\openout8 = witharrows.hd
Package doc Info: Made " a short reference for \verb on input line 123.
Package doc Info: Made | a short reference for \verb on input line 123.

*geometry* driver: auto-detecting
*geometry* detected driver: luatex
*geometry* verbose mode - [ preamble ] result:
* driver: luatex
* paper: custom
* layout: <same size as paper>
* layoutoffset:(h,v)=(0.0pt,0.0pt)
* modes: 
* h-part:(L,W,R)=(79.6678pt, 438.17227pt, 79.6678pt)
* v-part:(T,H,B)=(71.13188pt, 702.78299pt, 71.13188pt)
* \paperwidth=597.50787pt
* \paperheight=845.04675pt
* \textwidth=438.17227pt
* \textheight=702.78299pt
* \oddsidemargin=7.39781pt
* \evensidemargin=7.39781pt
* \topmargin=-38.1381pt
* \headheight=12.0pt
* \headsep=25.0pt
* \topskip=10.0pt
* \footskip=30.0pt
* \marginparwidth=126.0pt
* \marginparsep=5.0pt
* \columnsep=10.0pt
* \skip\footins=24.0pt
* \hoffset=0.0pt
* \voffset=0.0pt
* \mag=1000
* \@twocolumnfalse
* \@twosidefalse
* \@mparswitchfalse
* \@reversemargintrue
* (1in=72.27pt=25.4mm, 1cm=28.453pt)

(./witharrows.dtx
LaTeX Font Info:    Trying to load font information for OT1+lmr on input line 1
35.

(C:/Users/panti/AppData/Local/Programs/MiKTeX/tex/latex/lm/ot1lmr.fd
File: ot1lmr.fd 2015/05/01 v1.6.1 Font defs for Latin Modern
)
LaTeX Font Info:    Trying to load font information for OML+lmm on input line 1
35.

(C:/Users/panti/AppData/Local/Programs/MiKTeX/tex/latex/lm/omllmm.fd
File: omllmm.fd 2015/05/01 v1.6.1 Font defs for Latin Modern
)
LaTeX Font Info:    Trying to load font information for OMS+lmsy on input line 
135.

(C:/Users/panti/AppData/Local/Programs/MiKTeX/tex/latex/lm/omslmsy.fd
File: omslmsy.fd 2015/05/01 v1.6.1 Font defs for Latin Modern
)
LaTeX Font Info:    Trying to load font information for OMX+lmex on input line 
135.

(C:/Users/panti/AppData/Local/Programs/MiKTeX/tex/latex/lm/omxlmex.fd
File: omxlmex.fd 2015/05/01 v1.6.1 Font defs for Latin Modern
)
LaTeX Font Info:    External font `lmex10' loaded for size
(Font)              <17.28> on input line 135.
LaTeX Font Info:    External font `lmex10' loaded for size
(Font)              <12> on input line 135.
LaTeX Font Info:    External font `lmex10' loaded for size
(Font)              <10> on input line 135.
LaTeX Font Info:    Trying to load font information for U+msa on input line 135
.

(C:/Users/panti/AppData/Local/Programs/MiKTeX/tex/latex/amsfonts/umsa.fd
File: umsa.fd 2013/01/14 v3.01 AMS symbols A
)
LaTeX Font Info:    Trying to load font information for U+msb on input line 135
.

(C:/Users/panti/AppData/Local/Programs/MiKTeX/tex/latex/amsfonts/umsb.fd
File: umsb.fd 2013/01/14 v3.01 AMS symbols B
)
LaTeX Font Info:    Trying to load font information for U+stmry on input line 1
35.

(C:/Users/panti/AppData/Local/Programs/MiKTeX/tex/latex/stmaryrd/ustmry.fd)
LaTeX Font Info:    External font `lmex10' loaded for size
(Font)              <8> on input line 135.
LaTeX Font Info:    External font `lmex10' loaded for size
(Font)              <6> on input line 135.
LaTeX Font Info:    External font `lmex10' loaded for size
(Font)              <5> on input line 135.
LaTeX Font Info:    External font `lmex10' loaded for size
(Font)              <7> on input line 179.
\l__witharrows_x_dim=\dimen344
\l__witharrows_initial_int=\count425
\l__witharrows_final_int=\count426
\l__witharrows_arrow_int=\count427
\l__witharrows_pos_of_arrow_int=\count428
\l__witharrows_jump_int=\count429
\l__witharrows_env_box=\box127
\l__witharrows_first_arrow_of_group_int=\count430
\l__witharrows_first_line_of_group_int=\count431
\l__witharrows_last_line_of_group_int=\count432
\l__witharrows_first_arrow_int=\count433
\l__witharrows_last_arrow_int=\count434
\g__witharrows_x_initial_dim=\dimen345
\g__witharrows_x_final_dim=\dimen346
\g__witharrows_y_initial_dim=\dimen347
\g__witharrows_y_final_dim=\dimen348


[1

{C:/Users/panti/AppData/Local/MiKTeX/fonts/map/pdftex/pdftex.map}]

[2]
\c@fnnohyphen=\count435


[3]

[4]

[5]
\l__witharrows_linewidth_dim=\dimen349
\l__witharrows_halign_box=\box128
\g__witharrows_alignment_dim=\dimen350
\l__witharrows_new_box=\box129
\g__witharrows_right_x_dim=\dimen351
LaTeX Font Info:    External font `lmex10' loaded for size
(Font)              <9> on input line 640.


[6]

[7]

[8]

[9]

[10]

[11]

[12]

[13]

[14]

[15]

[16]

[17]

[18]

[19]

[20]

[21]
\l__witharrows_delim_wd_dim=\dimen352
\l__witharrows_left_brace_box=\box130


[22]

[23]

[24]
\g__witharrows_overlap_x_dim=\dimen353
\l__witharrows_delta_x_dim=\dimen354


[25]

[26]

[27]

[28]

[29]

[30]

[31]

[32]
LaTeX Font Info:    Trying to load font information for OT1+lmss on input line 
2827.
 (C:/Users/panti/AppData/Local/Programs/MiKTeX/tex/latex/lm/ot1lmss.fd
File: ot1lmss.fd 2015/05/01 v1.6.1 Font defs for Latin Modern
)

[33]

[34]

[35]

[36]

[37]

[38]

[39]

[40]

[41]

[42]

[43]

[44]

[45]

[46]

[47]

[48]

[49]

[50]

[51]

[52]

[53]

[54]

[55]

[56]

[57]

[58]

[59]

[60]

[61]

[62]

[63]

[64]

[65]

[66]

[67]

[68]

[69]

[70]

[71]

[72]

[73]

[74]

[75]

[76]

[77]

[78]

[79]

[80]

[81]

[82]

[83]

[84]

[85]

[86]

[87]

[88]

[89]

[90]

[91]

[92]

[93]

[94]

[95]

[96]

[97]

[98]

[99]

[100]

[101]

[102] (./witharrows.toc

[103])
\tf@toc=\write9

\openout9 = witharrows.toc
)
Package doc Info: Deleted " as a short reference for \verb(*) on input line 125
.
Package doc Info: Deleted | as a short reference for \verb(*) on input line 125
.


[104] (./witharrows.aux)
 ***********
LaTeX2e <2024-06-01> patch level 2
L3 programming layer <2024-09-10>
 ***********
Package rerunfilecheck Info: File `witharrows.out' has not changed.
(rerunfilecheck)             Checksum: F8BF2624949012AC9E99CD81BC2B0BBE;13734.
Package rerunfilecheck Info: File `witharrows.hd' has not changed.
(rerunfilecheck)             Checksum: D41D8CD98F00B204E9800998ECF8427E;0.
)

Here is how much of LuaTeX's memory you used:
 40691 strings out of 475910
 125002,1977958 words of node,token memory allocated
 1608 words of node memory still in use:
   9 hlist, 3 vlist, 2 rule, 1 local_par, 2 math, 47 glue, 6 kern, 1 penalty, 6 
glyph, 164 attribute, 66 glue_spec, 164 attribute_list, 2 write nodes
   avail lists: 2:5891,3:2818,4:390,5:645,6:138,7:9224,8:69,9:2476,10:23,11:534
 59316 multiletter control sequences out of 65536+600000
 105 fonts using 8713983 bytes
 117i,28n,131p,583b,1315s stack positions out of 10000i,1000n,20000p,200000b,200000s
</users/panti/appdata/local/programs/miktex/fonts/opentype/public/lm/lmromancaps
10-regular.otf></users/panti/appdata/local/programs/miktex/fonts/opentype/public
/lm/lmmonoslant10-regular.otf>{C:/Users/panti/AppData/Local/Programs/MiKTeX/font
s/enc/dvips/lm/lm-rm.enc}{C:/Users/panti/AppData/Local/Programs/MiKTeX/fonts/enc
/dvips/lm/lm-mathsy.enc}{C:/Users/panti/AppData/Local/Programs/MiKTeX/fonts/enc/
dvips/lm/lm-mathit.enc}</users/panti/appdata/local/programs/miktex/fonts/opentyp
e/public/lm/lmroman8-italic.otf></users/panti/appdata/local/programs/miktex/font
s/opentype/public/lm/lmroman10-italic.otf><C:/Users/panti/AppData/Local/Programs
/MiKTeX/fonts/opentype/public/lm/lmroman10-bolditalic.otf><//?/c:/users/panti/ap
pdata/local/programs/miktex/fonts/opentype/public/lm/lmmono10-italic.otf>{C:/Use
rs/panti/AppData/Local/Programs/MiKTeX/fonts/enc/dvips/lm/lm-mathex.enc}<//?/c:/
users/panti/appdata/local/programs/miktex/fonts/opentype/public/lm/lmroman12-bol
d.otf><//?/c:/users/panti/appdata/local/programs/miktex/fonts/opentype/public/lm
/lmmono8-regular.otf><//?/c:/users/panti/appdata/local/programs/miktex/fonts/ope
ntype/public/lm/lmroman6-regular.otf></users/panti/appdata/local/programs/miktex
/fonts/opentype/public/lm/lmsans8-regular.otf><//?/c:/users/panti/appdata/local/
programs/miktex/fonts/opentype/public/lm/lmroman8-regular.otf><C:/Users/panti/Ap
pData/Local/Programs/MiKTeX/fonts/opentype/public/lm/lmroman9-italic.otf></users
/panti/appdata/local/programs/miktex/fonts/opentype/public/lm/lmroman7-regular.o
tf><//?/c:/users/panti/appdata/local/programs/miktex/fonts/opentype/public/lm/lm
roman10-bold.otf></users/panti/appdata/local/programs/miktex/fonts/opentype/publ
ic/lm/lmromanslant10-regular.otf><//?/c:/users/panti/appdata/local/programs/mikt
ex/fonts/opentype/public/lm/lmmono10-regular.otf><//?/c:/users/panti/appdata/loc
al/programs/miktex/fonts/opentype/public/lm/lmsans10-regular.otf><//?/c:/users/p
anti/appdata/local/programs/miktex/fonts/opentype/public/lm/lmroman10-regular.ot
f><//?/c:/users/panti/appdata/local/programs/miktex/fonts/opentype/public/lm/lmm
ono9-regular.otf></users/panti/appdata/local/programs/miktex/fonts/opentype/publ
ic/lm/lmsans9-regular.otf><//?/c:/users/panti/appdata/local/programs/miktex/font
s/opentype/public/lm/lmroman9-regular.otf></users/panti/appdata/local/programs/m
iktex/fonts/opentype/public/lm/lmroman9-bold.otf><//?/c:/users/panti/appdata/loc
al/programs/miktex/fonts/opentype/public/lm/lmmono12-regular.otf><//?/c:/users/p
anti/appdata/local/programs/miktex/fonts/opentype/public/lm/lmroman12-regular.ot
f></users/panti/appdata/local/programs/miktex/fonts/opentype/public/lm/lmsans17-
regular.otf><//?/c:/users/panti/appdata/local/programs/miktex/fonts/opentype/pub
lic/lm/lmroman17-regular.otf><C:/Users/panti/AppData/Local/Programs/MiKTeX/fonts
/type1/public/lm/lmex10.pfb><C:/Users/panti/AppData/Local/Programs/MiKTeX/fonts/
type1/public/lm/lmmi10.pfb><C:/Users/panti/AppData/Local/Programs/MiKTeX/fonts/t
ype1/public/lm/lmmi5.pfb><C:/Users/panti/AppData/Local/Programs/MiKTeX/fonts/typ
e1/public/lm/lmmi6.pfb><C:/Users/panti/AppData/Local/Programs/MiKTeX/fonts/type1
/public/lm/lmmi7.pfb><C:/Users/panti/AppData/Local/Programs/MiKTeX/fonts/type1/p
ublic/lm/lmmi8.pfb><C:/Users/panti/AppData/Local/Programs/MiKTeX/fonts/type1/pub
lic/lm/lmmi9.pfb><C:/Users/panti/AppData/Local/Programs/MiKTeX/fonts/type1/publi
c/lm/lmr10.pfb><C:/Users/panti/AppData/Local/Programs/MiKTeX/fonts/type1/public/
lm/lmr5.pfb><C:/Users/panti/AppData/Local/Programs/MiKTeX/fonts/type1/public/lm/
lmr6.pfb><C:/Users/panti/AppData/Local/Programs/MiKTeX/fonts/type1/public/lm/lmr
7.pfb><C:/Users/panti/AppData/Local/Programs/MiKTeX/fonts/type1/public/lm/lmr8.p
fb><C:/Users/panti/AppData/Local/Programs/MiKTeX/fonts/type1/public/lm/lmr9.pfb>
<C:/Users/panti/AppData/Local/Programs/MiKTeX/fonts/type1/public/lm/lmss9.pfb><C
:/Users/panti/AppData/Local/Programs/MiKTeX/fonts/type1/public/lm/lmsy10.pfb><C:
/Users/panti/AppData/Local/Programs/MiKTeX/fonts/type1/public/lm/lmsy5.pfb><C:/U
sers/panti/AppData/Local/Programs/MiKTeX/fonts/type1/public/lm/lmsy6.pfb><C:/Use
rs/panti/AppData/Local/Programs/MiKTeX/fonts/type1/public/lm/lmsy7.pfb><C:/Users
/panti/AppData/Local/Programs/MiKTeX/fonts/type1/public/lm/lmsy8.pfb><C:/Users/p
anti/AppData/Local/Programs/MiKTeX/fonts/type1/public/lm/lmsy9.pfb><C:/Users/pan
ti/AppData/Local/Programs/MiKTeX/fonts/type1/public/amsfonts/symbols/msam10.pfb>
<C:/Users/panti/AppData/Local/Programs/MiKTeX/fonts/type1/public/amsfonts/symbol
s/msbm10.pfb><C:/Users/panti/AppData/Local/Programs/MiKTeX/fonts/type1/public/ho
ekwater/stmary8.pfb>
Output written on witharrows.pdf (104 pages, 1135701 bytes).

PDF statistics: 4182 PDF objects out of 4296 (max. 8388607)
 3144 named destinations out of 3580 (max. 131072)
 472 words of extra memory for PDF output out of 10000 (max. 100000000)

