\BOOKMARK [1][-]{section.1}{\376\377\000O\000p\000t\000i\000o\000n\000s\000\040\000p\000o\000u\000r\000\040\000l\000a\000\040\000f\000o\000r\000m\000e\000\040\000d\000e\000s\000\040\000f\000l\000\350\000c\000h\000e\000s}{}% 1
\BOOKMARK [1][-]{section.2}{\376\377\000N\000o\000m\000b\000r\000e\000\040\000e\000t\000\040\000f\000o\000r\000m\000a\000t\000s\000\040\000d\000e\000s\000\040\000c\000o\000l\000o\000n\000n\000e\000s}{}% 2
\BOOKMARK [1][-]{section.3}{\376\377\000P\000o\000s\000i\000t\000i\000o\000n\000n\000e\000m\000e\000n\000t\000\040\000p\000r\000\351\000c\000i\000s\000\040\000d\000e\000s\000\040\000f\000l\000\350\000c\000h\000e\000s}{}% 3
\BOOKMARK [1][-]{section.4}{\376\377\000L\000'\000o\000p\000t\000i\000o\000n\000\040\000\253\000\040\000o\000\040\000\273\000\040\000p\000o\000u\000r\000\040\000d\000e\000s\000\040\000f\000l\000\350\000c\000h\000e\000s\000\040\000i\000n\000d\000i\000v\000i\000d\000u\000e\000l\000l\000e\000s}{}% 4
\BOOKMARK [1][-]{section.5}{\376\377\000L\000e\000s\000\040\000o\000p\000t\000i\000o\000n\000s\000\040\000\253\000\040\000u\000p\000\040\000\273\000\040\000e\000t\000\040\000\253\000\040\000d\000o\000w\000n\000\040\000\273\000\040\000p\000o\000u\000r\000\040\000d\000e\000s\000\040\000f\000l\000\350\000c\000h\000e\000s\000\040\000i\000n\000d\000i\000v\000i\000d\000u\000e\000l\000l\000e\000s}{}% 5
\BOOKMARK [1][-]{section.6}{\376\377\000C\000o\000m\000p\000a\000r\000a\000i\000s\000o\000n\000\040\000a\000v\000e\000c\000\040\000l\000'\000e\000n\000v\000i\000r\000o\000n\000n\000e\000m\000e\000n\000t\000\040\000\173\000a\000l\000i\000g\000n\000e\000d\000\175}{}% 6
\BOOKMARK [1][-]{section.7}{\376\377\000L\000e\000s\000\040\000f\000l\000\350\000c\000h\000e\000s\000\040\000d\000a\000n\000s\000\040\000l\000e\000s\000\040\000e\000n\000v\000i\000r\000o\000n\000n\000e\000m\000e\000n\000t\000s\000\040\000i\000m\000b\000r\000i\000q\000u\000\351\000s}{}% 7
\BOOKMARK [1][-]{section.8}{\376\377\000D\000e\000s\000s\000i\000n\000e\000r\000\040\000d\000e\000s\000\040\000f\000l\000\350\000c\000h\000e\000s\000\040\000d\000e\000p\000u\000i\000s\000\040\000l\000'\000e\000x\000t\000\351\000r\000i\000e\000u\000r\000\040\000d\000e\000s\000\040\000e\000n\000v\000i\000r\000o\000n\000n\000e\000m\000e\000n\000t\000s\000\040\000\173\000W\000i\000t\000h\000A\000r\000r\000o\000w\000s\000\175}{}% 8
\BOOKMARK [1][-]{section.9}{\376\377\000L\000'\000e\000n\000v\000i\000r\000o\000n\000n\000e\000m\000e\000n\000t\000\040\000\173\000D\000i\000s\000p\000W\000i\000t\000h\000A\000r\000r\000o\000w\000s\000\175}{}% 9
\BOOKMARK [1][-]{section.10}{\376\377\000F\000o\000n\000c\000t\000i\000o\000n\000n\000a\000l\000i\000t\000\351\000s\000\040\000a\000v\000a\000n\000c\000\351\000e\000s}{}% 10
\BOOKMARK [2][-]{subsection.10.1}{\376\377\000U\000t\000i\000l\000i\000s\000a\000t\000i\000o\000n\000\040\000a\000v\000e\000c\000\040\000B\000e\000a\000m\000e\000r}{section.10}% 11
\BOOKMARK [2][-]{subsection.10.2}{\376\377\000U\000t\000i\000l\000i\000s\000a\000t\000i\000o\000n\000\040\000a\000v\000e\000c\000\040\000p\000l\000a\000i\000n\000-\000T\000e\000X}{section.10}% 12
\BOOKMARK [2][-]{subsection.10.3}{\376\377\000L\000'\000o\000p\000t\000i\000o\000n\000\040\000t\000i\000k\000z\000-\000c\000o\000d\000e\000\040\000:\000\040\000c\000o\000m\000m\000e\000n\000t\000\040\000c\000h\000a\000n\000g\000e\000r\000\040\000l\000a\000\040\000f\000o\000r\000m\000e\000\040\000d\000e\000s\000\040\000f\000l\000\350\000c\000h\000e\000s}{section.10}% 13
\BOOKMARK [2][-]{subsection.10.4}{\376\377\000L\000a\000\040\000c\000o\000m\000m\000a\000n\000d\000e\000\040\000\134\000W\000i\000t\000h\000A\000r\000r\000o\000w\000s\000N\000e\000w\000S\000t\000y\000l\000e}{section.10}% 14
\BOOKMARK [2][-]{subsection.10.5}{\376\377\000L\000a\000\040\000c\000l\000\351\000\040\000r\000i\000g\000h\000t\000-\000o\000v\000e\000r\000l\000a\000p}{section.10}% 15
\BOOKMARK [2][-]{subsection.10.6}{\376\377\000P\000o\000s\000i\000t\000i\000o\000n\000n\000e\000m\000e\000n\000t\000\040\000v\000e\000r\000t\000i\000c\000a\000l\000\040\000d\000e\000s\000\040\000f\000l\000\350\000c\000h\000e\000s}{section.10}% 16
\BOOKMARK [2][-]{subsection.10.7}{\376\377\000N\000o\000t\000e\000s\000\040\000d\000e\000\040\000p\000i\000e\000d\000\040\000d\000e\000\040\000p\000a\000g\000e\000\040\000d\000a\000n\000s\000\040\000l\000e\000s\000\040\000e\000n\000v\000i\000r\000o\000n\000n\000e\000m\000e\000n\000t\000s\000\040\000d\000e\000\040\000w\000i\000t\000h\000a\000r\000r\000o\000w\000s}{section.10}% 17
\BOOKMARK [2][-]{subsection.10.8}{\376\377\000L\000'\000o\000p\000t\000i\000o\000n\000\040\000n\000o\000-\000a\000r\000r\000o\000w\000s}{section.10}% 18
\BOOKMARK [2][-]{subsection.10.9}{\376\377\000N\000o\000t\000e\000\040\000p\000o\000u\000r\000\040\000l\000e\000s\000\040\000u\000t\000i\000l\000i\000s\000a\000t\000e\000u\000r\000s\000\040\000d\000e\000\040\000A\000U\000C\000T\000e\000X}{section.10}% 19
\BOOKMARK [2][-]{subsection.10.10}{\376\377\000N\000o\000t\000e\000\040\000p\000o\000u\000r\000\040\000l\000e\000s\000\040\000d\000\351\000v\000e\000l\000o\000p\000p\000e\000u\000r\000s}{section.10}% 20
\BOOKMARK [1][-]{section.11}{\376\377\000E\000x\000e\000m\000p\000l\000e\000s}{}% 21
\BOOKMARK [2][-]{subsection.11.1}{\376\377\000\134\000M\000o\000v\000e\000E\000q\000L\000e\000f\000t}{section.11}% 22
\BOOKMARK [2][-]{subsection.11.2}{\376\377\000U\000n\000e\000\040\000c\000o\000m\000m\000a\000n\000d\000e\000\040\000\134\000D\000o\000u\000b\000l\000e\000A\000r\000r\000o\000w}{section.11}% 23
\BOOKMARK [2][-]{subsection.11.3}{\376\377\000M\000o\000d\000i\000f\000i\000e\000r\000\040\000l\000a\000\040\000f\000o\000r\000m\000e\000\040\000d\000e\000s\000\040\000n\001\123\000u\000d\000s}{section.11}% 24
\BOOKMARK [2][-]{subsection.11.4}{\376\377\000E\000x\000e\000m\000p\000l\000e\000s\000\040\000a\000v\000e\000c\000\040\000l\000'\000o\000p\000t\000i\000o\000n\000\040\000t\000i\000k\000z\000-\000c\000o\000d\000e}{section.11}% 25
\BOOKMARK [3][-]{subsubsection.11.4.1}{\376\377\000E\000x\000e\000m\000p\000l\000e\000\040\0001}{subsection.11.4}% 26
\BOOKMARK [3][-]{subsubsection.11.4.2}{\376\377\000E\000x\000e\000m\000p\000l\000e\000\040\0002}{subsection.11.4}% 27
\BOOKMARK [3][-]{subsubsection.11.4.3}{\376\377\000E\000x\000e\000m\000p\000l\000e\000\040\0003}{subsection.11.4}% 28
\BOOKMARK [2][-]{subsection.11.5}{\376\377\000B\000o\000u\000c\000l\000e\000\040\000n\000u\000m\000\351\000r\000o\000t\000\351\000e\000\040\000a\000u\000t\000o\000m\000a\000t\000i\000q\000u\000e}{section.11}% 29
