\BOOKMARK [1][-]{section.0.1}{\376\377\0001\000\040\000O\000p\000t\000i\000o\000n\000s\000\040\000f\000o\000r\000\040\000t\000h\000e\000\040\000s\000h\000a\000p\000e\000\040\000o\000f\000\040\000t\000h\000e\000\040\000a\000r\000r\000o\000w\000s}{}% 1
\BOOKMARK [1][-]{section.0.2}{\376\377\0002\000\040\000N\000u\000m\000b\000e\000r\000s\000\040\000o\000f\000\040\000c\000o\000l\000u\000m\000n\000s}{}% 2
\BOOKMARK [1][-]{section.0.3}{\376\377\0003\000\040\000P\000r\000e\000c\000i\000s\000e\000\040\000p\000o\000s\000i\000t\000i\000o\000n\000i\000n\000g\000\040\000o\000f\000\040\000t\000h\000e\000\040\000a\000r\000r\000o\000w\000s}{}% 3
\BOOKMARK [1][-]{section.0.4}{\376\377\0004\000\040\000T\000h\000e\000\040\000o\000p\000t\000i\000o\000n\000\040\000'\000o\000'\000\040\000f\000o\000r\000\040\000i\000n\000d\000i\000v\000i\000d\000u\000a\000l\000\040\000a\000r\000r\000o\000w\000s}{}% 4
\BOOKMARK [1][-]{section.0.5}{\376\377\0005\000\040\000T\000h\000e\000\040\000o\000p\000t\000i\000o\000n\000s\000\040\000'\000u\000p\000'\000\040\000a\000n\000d\000\040\000'\000d\000o\000w\000n\000'\000\040\000f\000o\000r\000\040\000i\000n\000d\000i\000v\000i\000d\000u\000a\000l\000\040\000a\000r\000r\000o\000w\000s}{}% 5
\BOOKMARK [1][-]{section.0.6}{\376\377\0006\000\040\000C\000o\000m\000p\000a\000r\000i\000s\000o\000n\000\040\000w\000i\000t\000h\000\040\000t\000h\000e\000\040\000e\000n\000v\000i\000r\000o\000n\000m\000e\000n\000t\000\040\000\173\000a\000l\000i\000g\000n\000e\000d\000\175}{}% 6
\BOOKMARK [1][-]{section.0.7}{\376\377\0007\000\040\000A\000r\000r\000o\000w\000s\000\040\000i\000n\000\040\000n\000e\000s\000t\000e\000d\000\040\000e\000n\000v\000i\000r\000o\000n\000m\000e\000n\000t\000s}{}% 7
\BOOKMARK [1][-]{section.0.8}{\376\377\0008\000\040\000A\000r\000r\000o\000w\000s\000\040\000f\000r\000o\000m\000\040\000o\000u\000t\000s\000i\000d\000e\000\040\000e\000n\000v\000i\000r\000o\000n\000m\000e\000n\000t\000s\000\040\000\173\000W\000i\000t\000h\000A\000r\000r\000o\000w\000s\000\175}{}% 8
\BOOKMARK [1][-]{section.0.9}{\376\377\0009\000\040\000T\000h\000e\000\040\000e\000n\000v\000i\000r\000o\000n\000m\000e\000n\000t\000\040\000\173\000D\000i\000s\000p\000W\000i\000t\000h\000A\000r\000r\000o\000w\000s\000\175}{}% 9
\BOOKMARK [2][-]{subsection.0.9.1}{\376\377\0009\000.\0001\000\040\000T\000h\000e\000\040\000o\000p\000t\000i\000o\000n\000\040\000<\000.\000.\000.\000>\000\040\000o\000f\000\040\000D\000i\000s\000p\000W\000i\000t\000h\000A\000r\000r\000o\000w\000s}{section.0.9}% 10
\BOOKMARK [1][-]{section.0.10}{\376\377\0001\0000\000\040\000A\000d\000v\000a\000n\000c\000e\000d\000\040\000f\000e\000a\000t\000u\000r\000e\000s}{}% 11
\BOOKMARK [2][-]{subsection.0.10.1}{\376\377\0001\0000\000.\0001\000\040\000U\000t\000i\000l\000i\000s\000a\000t\000i\000o\000n\000\040\000w\000i\000t\000h\000\040\000B\000e\000a\000m\000e\000r}{section.0.10}% 12
\BOOKMARK [2][-]{subsection.0.10.2}{\376\377\0001\0000\000.\0002\000\040\000U\000s\000e\000\040\000w\000i\000t\000h\000\040\000p\000l\000a\000i\000n\000-\000T\000e\000X}{section.0.10}% 13
\BOOKMARK [2][-]{subsection.0.10.3}{\376\377\0001\0000\000.\0003\000\040\000T\000h\000e\000\040\000o\000p\000t\000i\000o\000n\000\040\000t\000i\000k\000z\000-\000c\000o\000d\000e\000\040\000:\000\040\000h\000o\000w\000\040\000t\000o\000\040\000c\000h\000a\000n\000g\000e\000\040\000t\000h\000e\000\040\000s\000h\000a\000p\000e\000\040\000o\000f\000\040\000t\000h\000e\000\040\000a\000r\000r\000o\000w\000s}{section.0.10}% 14
\BOOKMARK [2][-]{subsection.0.10.4}{\376\377\0001\0000\000.\0004\000\040\000T\000h\000e\000\040\000c\000o\000m\000m\000a\000n\000d\000\040\000\134\000W\000i\000t\000h\000A\000r\000r\000o\000w\000s\000N\000e\000w\000S\000t\000y\000l\000e}{section.0.10}% 15
\BOOKMARK [2][-]{subsection.0.10.5}{\376\377\0001\0000\000.\0005\000\040\000T\000h\000e\000\040\000k\000e\000y\000\040\000r\000i\000g\000h\000t\000-\000o\000v\000e\000r\000l\000a\000p}{section.0.10}% 16
\BOOKMARK [2][-]{subsection.0.10.6}{\376\377\0001\0000\000.\0006\000\040\000V\000e\000r\000t\000i\000c\000a\000l\000\040\000p\000o\000s\000i\000t\000i\000o\000n\000i\000n\000g\000\040\000o\000f\000\040\000t\000h\000e\000\040\000a\000r\000r\000o\000w\000s}{section.0.10}% 17
\BOOKMARK [2][-]{subsection.0.10.7}{\376\377\0001\0000\000.\0007\000\040\000F\000o\000o\000t\000n\000o\000t\000e\000s\000\040\000i\000n\000\040\000t\000h\000e\000\040\000e\000n\000v\000i\000r\000o\000n\000m\000e\000n\000t\000s\000\040\000o\000f\000\040\000w\000i\000t\000h\000a\000r\000r\000o\000w\000s}{section.0.10}% 18
\BOOKMARK [2][-]{subsection.0.10.8}{\376\377\0001\0000\000.\0008\000\040\000O\000p\000t\000i\000o\000n\000\040\000n\000o\000-\000a\000r\000r\000o\000w\000s}{section.0.10}% 19
\BOOKMARK [2][-]{subsection.0.10.9}{\376\377\0001\0000\000.\0009\000\040\000N\000o\000t\000e\000\040\000f\000o\000r\000\040\000t\000h\000e\000\040\000u\000s\000e\000r\000s\000\040\000o\000f\000\040\000A\000U\000C\000T\000e\000X}{section.0.10}% 20
\BOOKMARK [2][-]{subsection.0.10.10}{\376\377\0001\0000\000.\0001\0000\000\040\000N\000o\000t\000e\000\040\000f\000o\000r\000\040\000t\000h\000e\000\040\000d\000e\000v\000e\000l\000o\000p\000p\000e\000r\000s}{section.0.10}% 21
\BOOKMARK [1][-]{section.0.11}{\376\377\0001\0001\000\040\000E\000x\000a\000m\000p\000l\000e\000s}{}% 22
\BOOKMARK [2][-]{subsection.0.11.1}{\376\377\0001\0001\000.\0001\000\040\000\134\000M\000o\000v\000e\000E\000q\000L\000e\000f\000t}{section.0.11}% 23
\BOOKMARK [2][-]{subsection.0.11.2}{\376\377\0001\0001\000.\0002\000\040\000A\000\040\000c\000o\000m\000m\000a\000n\000d\000\040\000\134\000D\000o\000u\000b\000l\000e\000A\000r\000r\000o\000w}{section.0.11}% 24
\BOOKMARK [2][-]{subsection.0.11.3}{\376\377\0001\0001\000.\0003\000\040\000M\000o\000d\000i\000f\000y\000i\000n\000g\000\040\000t\000h\000e\000\040\000s\000h\000a\000p\000e\000\040\000o\000f\000\040\000t\000h\000e\000\040\000n\000o\000d\000e\000s}{section.0.11}% 25
\BOOKMARK [2][-]{subsection.0.11.4}{\376\377\0001\0001\000.\0004\000\040\000E\000x\000a\000m\000p\000l\000e\000s\000\040\000w\000i\000t\000h\000\040\000t\000h\000e\000\040\000o\000p\000t\000i\000o\000n\000\040\000t\000i\000k\000z\000-\000c\000o\000d\000e}{section.0.11}% 26
\BOOKMARK [3][-]{subsubsection.0.11.4.1}{\376\377\0001\0001\000.\0004\000.\0001\000\040\000E\000x\000a\000m\000p\000l\000e\000\040\0001}{subsection.0.11.4}% 27
\BOOKMARK [3][-]{subsubsection.0.11.4.2}{\376\377\0001\0001\000.\0004\000.\0002\000\040\000E\000x\000a\000m\000p\000l\000e\000\040\0002}{subsection.0.11.4}% 28
\BOOKMARK [3][-]{subsubsection.0.11.4.3}{\376\377\0001\0001\000.\0004\000.\0003\000\040\000E\000x\000a\000m\000p\000l\000e\000\040\0003}{subsection.0.11.4}% 29
\BOOKMARK [2][-]{subsection.0.11.5}{\376\377\0001\0001\000.\0005\000\040\000A\000u\000t\000o\000m\000a\000t\000i\000c\000\040\000n\000u\000m\000b\000e\000r\000e\000d\000\040\000l\000o\000o\000p}{section.0.11}% 30
\BOOKMARK [1][-]{section.0.12}{\376\377\0001\0002\000\040\000I\000m\000p\000l\000e\000m\000e\000n\000t\000a\000t\000i\000o\000n}{}% 31
\BOOKMARK [2][-]{subsection.0.12.1}{\376\377\0001\0002\000.\0001\000\040\000D\000e\000c\000l\000a\000r\000a\000t\000i\000o\000n\000\040\000o\000f\000\040\000t\000h\000e\000\040\000p\000a\000c\000k\000a\000g\000e\000\040\000a\000n\000d\000\040\000e\000x\000t\000e\000n\000s\000i\000o\000n\000s\000\040\000l\000o\000a\000d\000e\000d}{section.0.12}% 32
\BOOKMARK [2][-]{subsection.0.12.2}{\376\377\0001\0002\000.\0002\000\040\000T\000h\000e\000\040\000p\000a\000c\000k\000a\000g\000e\000s\000\040\000f\000o\000o\000t\000n\000o\000t\000e\000\040\000a\000n\000d\000\040\000f\000o\000o\000t\000n\000o\000t\000e\000h\000y\000p\000e\000r}{section.0.12}% 33
\BOOKMARK [2][-]{subsection.0.12.3}{\376\377\0001\0002\000.\0003\000\040\000T\000h\000e\000\040\000c\000l\000a\000s\000s\000\040\000o\000p\000t\000i\000o\000n\000\040\000l\000e\000q\000n\000o}{section.0.12}% 34
\BOOKMARK [2][-]{subsection.0.12.4}{\376\377\0001\0002\000.\0004\000\040\000C\000o\000l\000l\000e\000c\000t\000i\000n\000g\000\040\000o\000p\000t\000i\000o\000n\000s}{section.0.12}% 35
\BOOKMARK [2][-]{subsection.0.12.5}{\376\377\0001\0002\000.\0005\000\040\000S\000o\000m\000e\000\040\000t\000e\000c\000h\000n\000i\000c\000a\000l\000\040\000d\000e\000f\000i\000n\000i\000t\000i\000o\000n\000s}{section.0.12}% 36
\BOOKMARK [2][-]{subsection.0.12.6}{\376\377\0001\0002\000.\0006\000\040\000V\000a\000r\000i\000a\000b\000l\000e\000s}{section.0.12}% 37
\BOOKMARK [2][-]{subsection.0.12.7}{\376\377\0001\0002\000.\0007\000\040\000T\000h\000e\000\040\000d\000e\000f\000i\000n\000i\000t\000i\000o\000n\000\040\000o\000f\000\040\000t\000h\000e\000\040\000o\000p\000t\000i\000o\000n\000s}{section.0.12}% 38
\BOOKMARK [2][-]{subsection.0.12.8}{\376\377\0001\0002\000.\0008\000\040\000T\000h\000e\000\040\000c\000o\000m\000m\000a\000n\000d\000\040\000\134\000A\000r\000r\000o\000w}{section.0.12}% 39
\BOOKMARK [2][-]{subsection.0.12.9}{\376\377\0001\0002\000.\0009\000\040\000T\000h\000e\000\040\000e\000n\000v\000i\000r\000o\000n\000m\000e\000n\000t\000s\000\040\000\173\000W\000i\000t\000h\000A\000r\000r\000o\000w\000s\000\175\000\040\000a\000n\000d\000\040\000\173\000D\000i\000s\000p\000W\000i\000t\000h\000A\000r\000r\000o\000w\000s\000\175}{section.0.12}% 40
\BOOKMARK [3][-]{subsubsection.0.12.9.1}{\376\377\0001\0002\000.\0009\000.\0001\000\040\000C\000o\000d\000e\000\040\000b\000e\000f\000o\000r\000e\000\040\000t\000h\000e\000\040\000\134\000h\000a\000l\000i\000g\000n}{subsection.0.12.9}% 41
\BOOKMARK [3][-]{subsubsection.0.12.9.2}{\376\377\0001\0002\000.\0009\000.\0002\000\040\000T\000h\000e\000\040\000c\000o\000n\000s\000t\000r\000u\000c\000t\000i\000o\000n\000\040\000o\000f\000\040\000t\000h\000e\000\040\000p\000r\000e\000a\000m\000b\000l\000e\000\040\000o\000f\000\040\000t\000h\000e\000\040\000\134\000h\000a\000l\000i\000g\000n}{subsection.0.12.9}% 42
\BOOKMARK [3][-]{subsubsection.0.12.9.3}{\376\377\0001\0002\000.\0009\000.\0003\000\040\000T\000h\000e\000\040\000e\000n\000v\000i\000r\000o\000n\000m\000e\000n\000t\000\040\000\173\000W\000i\000t\000h\000A\000r\000r\000o\000w\000s\000\175}{subsection.0.12.9}% 43
\BOOKMARK [3][-]{subsubsection.0.12.9.4}{\376\377\0001\0002\000.\0009\000.\0004\000\040\000A\000f\000t\000e\000r\000\040\000t\000h\000e\000\040\000c\000o\000n\000s\000t\000r\000u\000c\000t\000i\000o\000n\000\040\000o\000f\000\040\000t\000h\000e\000\040\000\134\000h\000a\000l\000i\000g\000n}{subsection.0.12.9}% 44
\BOOKMARK [3][-]{subsubsection.0.12.9.5}{\376\377\0001\0002\000.\0009\000.\0005\000\040\000T\000h\000e\000\040\000c\000o\000m\000m\000a\000n\000d\000\040\000o\000f\000\040\000e\000n\000d\000\040\000o\000f\000\040\000r\000o\000w}{subsection.0.12.9}% 45
\BOOKMARK [3][-]{subsubsection.0.12.9.6}{\376\377\0001\0002\000.\0009\000.\0006\000\040\000T\000h\000e\000\040\000e\000n\000v\000i\000r\000o\000n\000m\000e\000n\000t\000\040\000\173\000D\000i\000s\000p\000W\000i\000t\000h\000A\000r\000r\000o\000w\000s\000\175}{subsection.0.12.9}% 46
\BOOKMARK [2][-]{subsection.0.12.10}{\376\377\0001\0002\000.\0001\0000\000\040\000T\000h\000e\000\040\000c\000o\000m\000m\000a\000n\000d\000s\000\040\000\134\000t\000a\000g\000,\000\040\000\134\000n\000o\000t\000a\000g\000,\000\040\000\134\000l\000a\000b\000e\000l\000,\000\040\000\134\000t\000a\000g\000n\000e\000x\000t\000l\000i\000n\000e\000\040\000a\000n\000d\000\040\000\134\000q\000e\000d\000h\000e\000r\000e\000\040\000f\000o\000r\000\040\000\173\000D\000i\000s\000p\000W\000i\000t\000h\000A\000r\000r\000o\000w\000s\000\175}{section.0.12}% 47
\BOOKMARK [2][-]{subsection.0.12.11}{\376\377\0001\0002\000.\0001\0001\000\040\000W\000e\000\040\000d\000r\000a\000w\000\040\000t\000h\000e\000\040\000a\000r\000r\000o\000w\000s}{section.0.12}% 48
\BOOKMARK [3][-]{subsubsection.0.12.11.1}{\376\377\0001\0002\000.\0001\0001\000.\0001\000\040\000T\000h\000e\000\040\000c\000o\000m\000m\000a\000n\000d\000\040\000u\000p\000d\000a\000t\000e\000_\000x}{subsection.0.12.11}% 49
\BOOKMARK [3][-]{subsubsection.0.12.11.2}{\376\377\0001\0002\000.\0001\0001\000.\0002\000\040\000W\000e\000\040\000d\000r\000a\000w\000\040\000t\000h\000e\000\040\000a\000r\000r\000o\000w\000s\000\040\000o\000f\000\040\000t\000y\000p\000e\000\040\000o}{subsection.0.12.11}% 50
\BOOKMARK [2][-]{subsection.0.12.12}{\376\377\0001\0002\000.\0001\0002\000\040\000T\000h\000e\000\040\000c\000o\000m\000m\000a\000n\000d\000\040\000\134\000A\000r\000r\000o\000w\000\040\000i\000n\000\040\000c\000o\000d\000e\000-\000a\000f\000t\000e\000r}{section.0.12}% 51
\BOOKMARK [2][-]{subsection.0.12.13}{\376\377\0001\0002\000.\0001\0003\000\040\000T\000h\000e\000\040\000c\000o\000m\000m\000a\000n\000d\000\040\000\134\000M\000u\000l\000t\000i\000A\000r\000r\000o\000w\000\040\000i\000n\000\040\000c\000o\000d\000e\000-\000a\000f\000t\000e\000r}{section.0.12}% 52
\BOOKMARK [2][-]{subsection.0.12.14}{\376\377\0001\0002\000.\0001\0004\000\040\000T\000h\000e\000\040\000c\000o\000m\000m\000a\000n\000d\000\040\000\134\000W\000i\000t\000h\000A\000r\000r\000o\000w\000s\000N\000e\000w\000S\000t\000y\000l\000e}{section.0.12}% 53
\BOOKMARK [2][-]{subsection.0.12.15}{\376\377\0001\0002\000.\0001\0005\000\040\000T\000h\000e\000\040\000o\000p\000t\000i\000o\000n\000s\000\040\000u\000p\000\040\000a\000n\000d\000\040\000d\000o\000w\000n}{section.0.12}% 54
\BOOKMARK [2][-]{subsection.0.12.16}{\376\377\0001\0002\000.\0001\0006\000\040\000T\000h\000e\000\040\000e\000r\000r\000o\000r\000\040\000m\000e\000s\000s\000a\000g\000e\000s\000\040\000o\000f\000\040\000t\000h\000e\000\040\000p\000a\000c\000k\000a\000g\000e}{section.0.12}% 55
\BOOKMARK [1][-]{section.0.13}{\376\377\0001\0003\000\040\000H\000i\000s\000t\000o\000r\000y}{}% 56
\BOOKMARK [1][-]{toc1.1}{\376\377\000C\000o\000n\000t\000e\000n\000t\000s}{}% 57
